This file contains any messages produced by compilers while
running configure, to aid debugging if configure makes a mistake.

It was created by libXfont configure 1.5.2, which was
generated by GNU Autoconf 2.69.  Invocation command line was

  $ ./configure --prefix=/xorg

## --------- ##
## Platform. ##
## --------- ##

hostname = XPS12
uname -m = x86_64
uname -r = 4.4.0-19041-Microsoft
uname -s = Linux
uname -v = #488-Microsoft Mon Sep 01 13:43:00 PST 2020

/usr/bin/uname -p = unknown
/bin/uname -X     = unknown

/bin/arch              = unknown
/usr/bin/arch -k       = unknown
/usr/convex/getsysinfo = unknown
/usr/bin/hostinfo      = unknown
/bin/machine           = unknown
/usr/bin/oslevel       = unknown
/bin/universe          = unknown

PATH: /usr/local/sbin
PATH: /usr/local/bin
PATH: /usr/sbin
PATH: /usr/bin
PATH: /sbin
PATH: /bin


## ----------- ##
## Core tests. ##
## ----------- ##

configure:2615: checking for a BSD-compatible install
configure:2683: result: /usr/bin/install -c
configure:2694: checking whether build environment is sane
configure:2749: result: yes
configure:2900: checking for a thread-safe mkdir -p
configure:2939: result: /bin/mkdir -p
configure:2946: checking for gawk
configure:2976: result: no
configure:2946: checking for mawk
configure:2962: found /usr/bin/mawk
configure:2973: result: mawk
configure:2984: checking whether make sets $(MAKE)
configure:3006: result: yes
configure:3035: checking whether make supports nested variables
configure:3052: result: yes
configure:3194: checking for style of include used by make
configure:3222: result: GNU
configure:3293: checking for gcc
configure:3309: found /usr/bin/gcc
configure:3320: result: gcc
configure:3549: checking for C compiler version
configure:3558: gcc --version >&5
gcc (Debian 10.2.0-19) 10.2.0
Copyright (C) 2020 Free Software Foundation, Inc.
This is free software; see the source for copying conditions.  There is NO
warranty; not even for MERCHANTABILITY or FITNESS FOR A PARTICULAR PURPOSE.

configure:3569: $? = 0
configure:3558: gcc -v >&5
Using built-in specs.
COLLECT_GCC=gcc
COLLECT_LTO_WRAPPER=/usr/lib/gcc/x86_64-linux-gnu/10/lto-wrapper
OFFLOAD_TARGET_NAMES=nvptx-none:amdgcn-amdhsa:hsa
OFFLOAD_TARGET_DEFAULT=1
Target: x86_64-linux-gnu
Configured with: ../src/configure -v --with-pkgversion='Debian 10.2.0-19' --with-bugurl=file:///usr/share/doc/gcc-10/README.Bugs --enable-languages=c,ada,c++,go,brig,d,fortran,objc,obj-c++,m2 --prefix=/usr --with-gcc-major-version-only --program-suffix=-10 --program-prefix=x86_64-linux-gnu- --enable-shared --enable-linker-build-id --libexecdir=/usr/lib --without-included-gettext --enable-threads=posix --libdir=/usr/lib --enable-nls --enable-bootstrap --enable-clocale=gnu --enable-libstdcxx-debug --enable-libstdcxx-time=yes --with-default-libstdcxx-abi=new --enable-gnu-unique-object --disable-vtable-verify --enable-plugin --enable-default-pie --with-system-zlib --enable-libphobos-checking=release --with-target-system-zlib=auto --enable-objc-gc=auto --enable-multiarch --disable-werror --with-arch-32=i686 --with-abi=m64 --with-multilib-list=m32,m64,mx32 --enable-multilib --with-tune=generic --enable-offload-targets=nvptx-none=/build/gcc-10-Pzlurt/gcc-10-10.2.0/debian/tmp-nvptx/usr,amdgcn-amdhsa=/build/gcc-10-Pzlurt/gcc-10-10.2.0/debian/tmp-gcn/usr,hsa --without-cuda-driver --enable-checking=release --build=x86_64-linux-gnu --host=x86_64-linux-gnu --target=x86_64-linux-gnu --with-build-config=bootstrap-lto-lean --enable-link-mutex
Thread model: posix
Supported LTO compression algorithms: zlib zstd
gcc version 10.2.0 (Debian 10.2.0-19) 
... rest of stderr output deleted ...
configure:3569: $? = 0
configure:3558: gcc -V >&5
gcc: error: unrecognized command-line option '-V'
gcc: fatal error: no input files
compilation terminated.
configure:3569: $? = 1
configure:3558: gcc -qversion >&5
gcc: error: unrecognized command-line option '-qversion'; did you mean '--version'?
gcc: fatal error: no input files
compilation terminated.
configure:3569: $? = 1
configure:3589: checking whether the C compiler works
configure:3611: gcc    conftest.c  >&5
configure:3615: $? = 0
configure:3663: result: yes
configure:3666: checking for C compiler default output file name
configure:3668: result: a.out
configure:3674: checking for suffix of executables
configure:3681: gcc -o conftest    conftest.c  >&5
configure:3685: $? = 0
configure:3707: result: 
configure:3729: checking whether we are cross compiling
configure:3737: gcc -o conftest    conftest.c  >&5
configure:3741: $? = 0
configure:3748: ./conftest
configure:3752: $? = 0
configure:3767: result: no
configure:3772: checking for suffix of object files
configure:3794: gcc -c   conftest.c >&5
configure:3798: $? = 0
configure:3819: result: o
configure:3823: checking whether we are using the GNU C compiler
configure:3842: gcc -c   conftest.c >&5
configure:3842: $? = 0
configure:3851: result: yes
configure:3860: checking whether gcc accepts -g
configure:3880: gcc -c -g  conftest.c >&5
configure:3880: $? = 0
configure:3921: result: yes
configure:3938: checking for gcc option to accept ISO C89
configure:4001: gcc  -c -g -O2  conftest.c >&5
configure:4001: $? = 0
configure:4014: result: none needed
configure:4039: checking whether gcc understands -c and -o together
configure:4061: gcc -c conftest.c -o conftest2.o
configure:4064: $? = 0
configure:4061: gcc -c conftest.c -o conftest2.o
configure:4064: $? = 0
configure:4076: result: yes
configure:4095: checking dependency style of gcc
configure:4206: result: gcc3
configure:4227: checking how to run the C preprocessor
configure:4258: gcc -E  conftest.c
configure:4258: $? = 0
configure:4272: gcc -E  conftest.c
conftest.c:11:10: fatal error: ac_nonexistent.h: No such file or directory
   11 | #include <ac_nonexistent.h>
      |          ^~~~~~~~~~~~~~~~~~
compilation terminated.
configure:4272: $? = 1
configure: failed program was:
| /* confdefs.h */
| #define PACKAGE_NAME "libXfont"
| #define PACKAGE_TARNAME "libXfont"
| #define PACKAGE_VERSION "1.5.2"
| #define PACKAGE_STRING "libXfont 1.5.2"
| #define PACKAGE_BUGREPORT "https://bugs.freedesktop.org/enter_bug.cgi?product=xorg"
| #define PACKAGE_URL ""
| #define PACKAGE "libXfont"
| #define VERSION "1.5.2"
| /* end confdefs.h.  */
| #include <ac_nonexistent.h>
configure:4297: result: gcc -E
configure:4317: gcc -E  conftest.c
configure:4317: $? = 0
configure:4331: gcc -E  conftest.c
conftest.c:11:10: fatal error: ac_nonexistent.h: No such file or directory
   11 | #include <ac_nonexistent.h>
      |          ^~~~~~~~~~~~~~~~~~
compilation terminated.
configure:4331: $? = 1
configure: failed program was:
| /* confdefs.h */
| #define PACKAGE_NAME "libXfont"
| #define PACKAGE_TARNAME "libXfont"
| #define PACKAGE_VERSION "1.5.2"
| #define PACKAGE_STRING "libXfont 1.5.2"
| #define PACKAGE_BUGREPORT "https://bugs.freedesktop.org/enter_bug.cgi?product=xorg"
| #define PACKAGE_URL ""
| #define PACKAGE "libXfont"
| #define VERSION "1.5.2"
| /* end confdefs.h.  */
| #include <ac_nonexistent.h>
configure:4360: checking for grep that handles long lines and -e
configure:4418: result: /bin/grep
configure:4423: checking for egrep
configure:4485: result: /bin/grep -E
configure:4490: checking for ANSI C header files
configure:4510: gcc -c -g -O2  conftest.c >&5
configure:4510: $? = 0
configure:4583: gcc -o conftest -g -O2   conftest.c  >&5
configure:4583: $? = 0
configure:4583: ./conftest
configure:4583: $? = 0
configure:4594: result: yes
configure:4607: checking for sys/types.h
configure:4607: gcc -c -g -O2  conftest.c >&5
configure:4607: $? = 0
configure:4607: result: yes
configure:4607: checking for sys/stat.h
configure:4607: gcc -c -g -O2  conftest.c >&5
configure:4607: $? = 0
configure:4607: result: yes
configure:4607: checking for stdlib.h
configure:4607: gcc -c -g -O2  conftest.c >&5
configure:4607: $? = 0
configure:4607: result: yes
configure:4607: checking for string.h
configure:4607: gcc -c -g -O2  conftest.c >&5
configure:4607: $? = 0
configure:4607: result: yes
configure:4607: checking for memory.h
configure:4607: gcc -c -g -O2  conftest.c >&5
configure:4607: $? = 0
configure:4607: result: yes
configure:4607: checking for strings.h
configure:4607: gcc -c -g -O2  conftest.c >&5
configure:4607: $? = 0
configure:4607: result: yes
configure:4607: checking for inttypes.h
configure:4607: gcc -c -g -O2  conftest.c >&5
configure:4607: $? = 0
configure:4607: result: yes
configure:4607: checking for stdint.h
configure:4607: gcc -c -g -O2  conftest.c >&5
configure:4607: $? = 0
configure:4607: result: yes
configure:4607: checking for unistd.h
configure:4607: gcc -c -g -O2  conftest.c >&5
configure:4607: $? = 0
configure:4607: result: yes
configure:4620: checking minix/config.h usability
configure:4620: gcc -c -g -O2  conftest.c >&5
conftest.c:54:10: fatal error: minix/config.h: No such file or directory
   54 | #include <minix/config.h>
      |          ^~~~~~~~~~~~~~~~
compilation terminated.
configure:4620: $? = 1
configure: failed program was:
| /* confdefs.h */
| #define PACKAGE_NAME "libXfont"
| #define PACKAGE_TARNAME "libXfont"
| #define PACKAGE_VERSION "1.5.2"
| #define PACKAGE_STRING "libXfont 1.5.2"
| #define PACKAGE_BUGREPORT "https://bugs.freedesktop.org/enter_bug.cgi?product=xorg"
| #define PACKAGE_URL ""
| #define PACKAGE "libXfont"
| #define VERSION "1.5.2"
| #define STDC_HEADERS 1
| #define HAVE_SYS_TYPES_H 1
| #define HAVE_SYS_STAT_H 1
| #define HAVE_STDLIB_H 1
| #define HAVE_STRING_H 1
| #define HAVE_MEMORY_H 1
| #define HAVE_STRINGS_H 1
| #define HAVE_INTTYPES_H 1
| #define HAVE_STDINT_H 1
| #define HAVE_UNISTD_H 1
| /* end confdefs.h.  */
| #include <stdio.h>
| #ifdef HAVE_SYS_TYPES_H
| # include <sys/types.h>
| #endif
| #ifdef HAVE_SYS_STAT_H
| # include <sys/stat.h>
| #endif
| #ifdef STDC_HEADERS
| # include <stdlib.h>
| # include <stddef.h>
| #else
| # ifdef HAVE_STDLIB_H
| #  include <stdlib.h>
| # endif
| #endif
| #ifdef HAVE_STRING_H
| # if !defined STDC_HEADERS && defined HAVE_MEMORY_H
| #  include <memory.h>
| # endif
| # include <string.h>
| #endif
| #ifdef HAVE_STRINGS_H
| # include <strings.h>
| #endif
| #ifdef HAVE_INTTYPES_H
| # include <inttypes.h>
| #endif
| #ifdef HAVE_STDINT_H
| # include <stdint.h>
| #endif
| #ifdef HAVE_UNISTD_H
| # include <unistd.h>
| #endif
| #include <minix/config.h>
configure:4620: result: no
configure:4620: checking minix/config.h presence
configure:4620: gcc -E  conftest.c
conftest.c:21:10: fatal error: minix/config.h: No such file or directory
   21 | #include <minix/config.h>
      |          ^~~~~~~~~~~~~~~~
compilation terminated.
configure:4620: $? = 1
configure: failed program was:
| /* confdefs.h */
| #define PACKAGE_NAME "libXfont"
| #define PACKAGE_TARNAME "libXfont"
| #define PACKAGE_VERSION "1.5.2"
| #define PACKAGE_STRING "libXfont 1.5.2"
| #define PACKAGE_BUGREPORT "https://bugs.freedesktop.org/enter_bug.cgi?product=xorg"
| #define PACKAGE_URL ""
| #define PACKAGE "libXfont"
| #define VERSION "1.5.2"
| #define STDC_HEADERS 1
| #define HAVE_SYS_TYPES_H 1
| #define HAVE_SYS_STAT_H 1
| #define HAVE_STDLIB_H 1
| #define HAVE_STRING_H 1
| #define HAVE_MEMORY_H 1
| #define HAVE_STRINGS_H 1
| #define HAVE_INTTYPES_H 1
| #define HAVE_STDINT_H 1
| #define HAVE_UNISTD_H 1
| /* end confdefs.h.  */
| #include <minix/config.h>
configure:4620: result: no
configure:4620: checking for minix/config.h
configure:4620: result: no
configure:4641: checking whether it is safe to define __EXTENSIONS__
configure:4659: gcc -c -g -O2  conftest.c >&5
configure:4659: $? = 0
configure:4666: result: yes
configure:4711: checking build system type
configure:4725: result: x86_64-unknown-linux-gnu
configure:4745: checking host system type
configure:4758: result: x86_64-unknown-linux-gnu
configure:4799: checking how to print strings
configure:4826: result: printf
configure:4847: checking for a sed that does not truncate output
configure:4911: result: /bin/sed
configure:4929: checking for fgrep
configure:4991: result: /bin/grep -F
configure:5026: checking for ld used by gcc
configure:5093: result: /usr/bin/ld
configure:5100: checking if the linker (/usr/bin/ld) is GNU ld
configure:5115: result: yes
configure:5127: checking for BSD- or MS-compatible name lister (nm)
configure:5181: result: /usr/bin/nm -B
configure:5311: checking the name lister (/usr/bin/nm -B) interface
configure:5318: gcc -c -g -O2  conftest.c >&5
configure:5321: /usr/bin/nm -B "conftest.o"
configure:5324: output
0000000000000000 B some_variable
configure:5331: result: BSD nm
configure:5334: checking whether ln -s works
configure:5338: result: yes
configure:5346: checking the maximum length of command line arguments
configure:5477: result: 1572864
configure:5525: checking how to convert x86_64-unknown-linux-gnu file names to x86_64-unknown-linux-gnu format
configure:5565: result: func_convert_file_noop
configure:5572: checking how to convert x86_64-unknown-linux-gnu file names to toolchain format
configure:5592: result: func_convert_file_noop
configure:5599: checking for /usr/bin/ld option to reload object files
configure:5606: result: -r
configure:5680: checking for objdump
configure:5696: found /usr/bin/objdump
configure:5707: result: objdump
configure:5739: checking how to recognize dependent libraries
configure:5939: result: pass_all
configure:6024: checking for dlltool
configure:6054: result: no
configure:6084: checking how to associate runtime and link libraries
configure:6111: result: printf %s\n
configure:6171: checking for ar
configure:6187: found /usr/bin/ar
configure:6198: result: ar
configure:6235: checking for archiver @FILE support
configure:6252: gcc -c -g -O2  conftest.c >&5
configure:6252: $? = 0
configure:6255: ar cru libconftest.a @conftest.lst >&5
ar: `u' modifier ignored since `D' is the default (see `U')
configure:6258: $? = 0
configure:6263: ar cru libconftest.a @conftest.lst >&5
ar: `u' modifier ignored since `D' is the default (see `U')
ar: conftest.o: No such file or directory
configure:6266: $? = 1
configure:6278: result: @
configure:6336: checking for strip
configure:6352: found /usr/bin/strip
configure:6363: result: strip
configure:6435: checking for ranlib
configure:6451: found /usr/bin/ranlib
configure:6462: result: ranlib
configure:6564: checking command to parse /usr/bin/nm -B output from gcc object
configure:6717: gcc -c -g -O2  conftest.c >&5
configure:6720: $? = 0
configure:6724: /usr/bin/nm -B conftest.o \| sed -n -e 's/^.*[ ]\([ABCDGIRSTW][ABCDGIRSTW]*\)[ ][ ]*\([_A-Za-z][_A-Za-z0-9]*\)$/\1 \2 \2/p' | sed '/ __gnu_lto/d' \> conftest.nm
configure:6727: $? = 0
configure:6793: gcc -o conftest -g -O2   conftest.c conftstm.o >&5
configure:6796: $? = 0
configure:6834: result: ok
configure:6881: checking for sysroot
configure:6911: result: no
configure:6918: checking for a working dd
configure:6956: result: /bin/dd
configure:6960: checking how to truncate binary pipes
configure:6975: result: /bin/dd bs=4096 count=1
configure:7111: gcc -c -g -O2  conftest.c >&5
configure:7114: $? = 0
configure:7304: checking for mt
configure:7334: result: no
configure:7354: checking if : is a manifest tool
configure:7360: : '-?'
configure:7368: result: no
configure:8042: checking for dlfcn.h
configure:8042: gcc -c -g -O2  conftest.c >&5
configure:8042: $? = 0
configure:8042: result: yes
configure:8298: checking for objdir
configure:8313: result: .libs
configure:8573: checking if gcc supports -fno-rtti -fno-exceptions
configure:8591: gcc -c -g -O2  -fno-rtti -fno-exceptions conftest.c >&5
cc1: warning: command-line option '-fno-rtti' is valid for C++/D/ObjC++ but not for C
configure:8595: $? = 0
configure:8608: result: no
configure:8966: checking for gcc option to produce PIC
configure:8973: result: -fPIC -DPIC
configure:8981: checking if gcc PIC flag -fPIC -DPIC works
configure:8999: gcc -c -g -O2  -fPIC -DPIC -DPIC conftest.c >&5
configure:9003: $? = 0
configure:9016: result: yes
configure:9045: checking if gcc static flag -static works
configure:9073: result: yes
configure:9088: checking if gcc supports -c -o file.o
configure:9109: gcc -c -g -O2  -o out/conftest2.o conftest.c >&5
configure:9113: $? = 0
configure:9135: result: yes
configure:9143: checking if gcc supports -c -o file.o
configure:9190: result: yes
configure:9223: checking whether the gcc linker (/usr/bin/ld -m elf_x86_64) supports shared libraries
configure:10482: result: yes
configure:10519: checking whether -lc should be explicitly linked in
configure:10527: gcc -c -g -O2  conftest.c >&5
configure:10530: $? = 0
configure:10545: gcc -shared  -fPIC -DPIC conftest.o  -v -Wl,-soname -Wl,conftest -o conftest 2\>\&1 \| /bin/grep  -lc  \>/dev/null 2\>\&1
configure:10548: $? = 0
configure:10562: result: no
configure:10722: checking dynamic linker characteristics
configure:11303: gcc -o conftest -g -O2   -Wl,-rpath -Wl,/foo conftest.c  >&5
configure:11303: $? = 0
configure:11543: result: GNU/Linux ld.so
configure:11665: checking how to hardcode library paths into programs
configure:11690: result: immediate
configure:12238: checking whether stripping libraries is possible
configure:12243: result: yes
configure:12278: checking if libtool supports shared libraries
configure:12280: result: yes
configure:12283: checking whether to build shared libraries
configure:12308: result: yes
configure:12311: checking whether to build static libraries
configure:12315: result: yes
configure:12365: checking for gcc option to accept ISO C99
configure:12514: gcc  -c -g -O2  conftest.c >&5
configure:12514: $? = 0
configure:12527: result: none needed
configure:12546: checking whether __clang__ is declared
configure:12546: gcc -c -g -O2  conftest.c >&5
conftest.c: In function 'main':
conftest.c:68:10: error: '__clang__' undeclared (first use in this function)
   68 |   (void) __clang__;
      |          ^~~~~~~~~
conftest.c:68:10: note: each undeclared identifier is reported only once for each function it appears in
configure:12546: $? = 1
configure: failed program was:
| /* confdefs.h */
| #define PACKAGE_NAME "libXfont"
| #define PACKAGE_TARNAME "libXfont"
| #define PACKAGE_VERSION "1.5.2"
| #define PACKAGE_STRING "libXfont 1.5.2"
| #define PACKAGE_BUGREPORT "https://bugs.freedesktop.org/enter_bug.cgi?product=xorg"
| #define PACKAGE_URL ""
| #define PACKAGE "libXfont"
| #define VERSION "1.5.2"
| #define STDC_HEADERS 1
| #define HAVE_SYS_TYPES_H 1
| #define HAVE_SYS_STAT_H 1
| #define HAVE_STDLIB_H 1
| #define HAVE_STRING_H 1
| #define HAVE_MEMORY_H 1
| #define HAVE_STRINGS_H 1
| #define HAVE_INTTYPES_H 1
| #define HAVE_STDINT_H 1
| #define HAVE_UNISTD_H 1
| #define __EXTENSIONS__ 1
| #define _ALL_SOURCE 1
| #define _GNU_SOURCE 1
| #define _POSIX_PTHREAD_SEMANTICS 1
| #define _TANDEM_SOURCE 1
| #define HAVE_DLFCN_H 1
| #define LT_OBJDIR ".libs/"
| /* end confdefs.h.  */
| #include <stdio.h>
| #ifdef HAVE_SYS_TYPES_H
| # include <sys/types.h>
| #endif
| #ifdef HAVE_SYS_STAT_H
| # include <sys/stat.h>
| #endif
| #ifdef STDC_HEADERS
| # include <stdlib.h>
| # include <stddef.h>
| #else
| # ifdef HAVE_STDLIB_H
| #  include <stdlib.h>
| # endif
| #endif
| #ifdef HAVE_STRING_H
| # if !defined STDC_HEADERS && defined HAVE_MEMORY_H
| #  include <memory.h>
| # endif
| # include <string.h>
| #endif
| #ifdef HAVE_STRINGS_H
| # include <strings.h>
| #endif
| #ifdef HAVE_INTTYPES_H
| # include <inttypes.h>
| #endif
| #ifdef HAVE_STDINT_H
| # include <stdint.h>
| #endif
| #ifdef HAVE_UNISTD_H
| # include <unistd.h>
| #endif
| int
| main ()
| {
| #ifndef __clang__
| #ifdef __cplusplus
|   (void) __clang__;
| #else
|   (void) __clang__;
| #endif
| #endif
| 
|   ;
|   return 0;
| }
configure:12546: result: no
configure:12553: checking whether __INTEL_COMPILER is declared
configure:12553: gcc -c -g -O2  conftest.c >&5
conftest.c: In function 'main':
conftest.c:68:10: error: '__INTEL_COMPILER' undeclared (first use in this function)
   68 |   (void) __INTEL_COMPILER;
      |          ^~~~~~~~~~~~~~~~
conftest.c:68:10: note: each undeclared identifier is reported only once for each function it appears in
configure:12553: $? = 1
configure: failed program was:
| /* confdefs.h */
| #define PACKAGE_NAME "libXfont"
| #define PACKAGE_TARNAME "libXfont"
| #define PACKAGE_VERSION "1.5.2"
| #define PACKAGE_STRING "libXfont 1.5.2"
| #define PACKAGE_BUGREPORT "https://bugs.freedesktop.org/enter_bug.cgi?product=xorg"
| #define PACKAGE_URL ""
| #define PACKAGE "libXfont"
| #define VERSION "1.5.2"
| #define STDC_HEADERS 1
| #define HAVE_SYS_TYPES_H 1
| #define HAVE_SYS_STAT_H 1
| #define HAVE_STDLIB_H 1
| #define HAVE_STRING_H 1
| #define HAVE_MEMORY_H 1
| #define HAVE_STRINGS_H 1
| #define HAVE_INTTYPES_H 1
| #define HAVE_STDINT_H 1
| #define HAVE_UNISTD_H 1
| #define __EXTENSIONS__ 1
| #define _ALL_SOURCE 1
| #define _GNU_SOURCE 1
| #define _POSIX_PTHREAD_SEMANTICS 1
| #define _TANDEM_SOURCE 1
| #define HAVE_DLFCN_H 1
| #define LT_OBJDIR ".libs/"
| /* end confdefs.h.  */
| #include <stdio.h>
| #ifdef HAVE_SYS_TYPES_H
| # include <sys/types.h>
| #endif
| #ifdef HAVE_SYS_STAT_H
| # include <sys/stat.h>
| #endif
| #ifdef STDC_HEADERS
| # include <stdlib.h>
| # include <stddef.h>
| #else
| # ifdef HAVE_STDLIB_H
| #  include <stdlib.h>
| # endif
| #endif
| #ifdef HAVE_STRING_H
| # if !defined STDC_HEADERS && defined HAVE_MEMORY_H
| #  include <memory.h>
| # endif
| # include <string.h>
| #endif
| #ifdef HAVE_STRINGS_H
| # include <strings.h>
| #endif
| #ifdef HAVE_INTTYPES_H
| # include <inttypes.h>
| #endif
| #ifdef HAVE_STDINT_H
| # include <stdint.h>
| #endif
| #ifdef HAVE_UNISTD_H
| # include <unistd.h>
| #endif
| int
| main ()
| {
| #ifndef __INTEL_COMPILER
| #ifdef __cplusplus
|   (void) __INTEL_COMPILER;
| #else
|   (void) __INTEL_COMPILER;
| #endif
| #endif
| 
|   ;
|   return 0;
| }
configure:12553: result: no
configure:12560: checking whether __SUNPRO_C is declared
configure:12560: gcc -c -g -O2  conftest.c >&5
conftest.c: In function 'main':
conftest.c:68:10: error: '__SUNPRO_C' undeclared (first use in this function)
   68 |   (void) __SUNPRO_C;
      |          ^~~~~~~~~~
conftest.c:68:10: note: each undeclared identifier is reported only once for each function it appears in
configure:12560: $? = 1
configure: failed program was:
| /* confdefs.h */
| #define PACKAGE_NAME "libXfont"
| #define PACKAGE_TARNAME "libXfont"
| #define PACKAGE_VERSION "1.5.2"
| #define PACKAGE_STRING "libXfont 1.5.2"
| #define PACKAGE_BUGREPORT "https://bugs.freedesktop.org/enter_bug.cgi?product=xorg"
| #define PACKAGE_URL ""
| #define PACKAGE "libXfont"
| #define VERSION "1.5.2"
| #define STDC_HEADERS 1
| #define HAVE_SYS_TYPES_H 1
| #define HAVE_SYS_STAT_H 1
| #define HAVE_STDLIB_H 1
| #define HAVE_STRING_H 1
| #define HAVE_MEMORY_H 1
| #define HAVE_STRINGS_H 1
| #define HAVE_INTTYPES_H 1
| #define HAVE_STDINT_H 1
| #define HAVE_UNISTD_H 1
| #define __EXTENSIONS__ 1
| #define _ALL_SOURCE 1
| #define _GNU_SOURCE 1
| #define _POSIX_PTHREAD_SEMANTICS 1
| #define _TANDEM_SOURCE 1
| #define HAVE_DLFCN_H 1
| #define LT_OBJDIR ".libs/"
| /* end confdefs.h.  */
| #include <stdio.h>
| #ifdef HAVE_SYS_TYPES_H
| # include <sys/types.h>
| #endif
| #ifdef HAVE_SYS_STAT_H
| # include <sys/stat.h>
| #endif
| #ifdef STDC_HEADERS
| # include <stdlib.h>
| # include <stddef.h>
| #else
| # ifdef HAVE_STDLIB_H
| #  include <stdlib.h>
| # endif
| #endif
| #ifdef HAVE_STRING_H
| # if !defined STDC_HEADERS && defined HAVE_MEMORY_H
| #  include <memory.h>
| # endif
| # include <string.h>
| #endif
| #ifdef HAVE_STRINGS_H
| # include <strings.h>
| #endif
| #ifdef HAVE_INTTYPES_H
| # include <inttypes.h>
| #endif
| #ifdef HAVE_STDINT_H
| # include <stdint.h>
| #endif
| #ifdef HAVE_UNISTD_H
| # include <unistd.h>
| #endif
| int
| main ()
| {
| #ifndef __SUNPRO_C
| #ifdef __cplusplus
|   (void) __SUNPRO_C;
| #else
|   (void) __SUNPRO_C;
| #endif
| #endif
| 
|   ;
|   return 0;
| }
configure:12560: result: no
configure:12622: checking for pkg-config
configure:12640: found /usr/bin/pkg-config
configure:12652: result: /usr/bin/pkg-config
configure:12677: checking pkg-config is at least version 0.9.0
configure:12680: result: yes
configure:12729: checking if gcc supports -Werror=unknown-warning-option
configure:12738: gcc -c -g -O2 -Werror=unknown-warning-option  conftest.c >&5
cc1: error: '-Werror=unknown-warning-option': no option '-Wunknown-warning-option'
configure:12738: $? = 1
configure: failed program was:
| /* confdefs.h */
| #define PACKAGE_NAME "libXfont"
| #define PACKAGE_TARNAME "libXfont"
| #define PACKAGE_VERSION "1.5.2"
| #define PACKAGE_STRING "libXfont 1.5.2"
| #define PACKAGE_BUGREPORT "https://bugs.freedesktop.org/enter_bug.cgi?product=xorg"
| #define PACKAGE_URL ""
| #define PACKAGE "libXfont"
| #define VERSION "1.5.2"
| #define STDC_HEADERS 1
| #define HAVE_SYS_TYPES_H 1
| #define HAVE_SYS_STAT_H 1
| #define HAVE_STDLIB_H 1
| #define HAVE_STRING_H 1
| #define HAVE_MEMORY_H 1
| #define HAVE_STRINGS_H 1
| #define HAVE_INTTYPES_H 1
| #define HAVE_STDINT_H 1
| #define HAVE_UNISTD_H 1
| #define __EXTENSIONS__ 1
| #define _ALL_SOURCE 1
| #define _GNU_SOURCE 1
| #define _POSIX_PTHREAD_SEMANTICS 1
| #define _TANDEM_SOURCE 1
| #define HAVE_DLFCN_H 1
| #define LT_OBJDIR ".libs/"
| /* end confdefs.h.  */
| int i;
configure:12745: result: no
configure:12756: checking if gcc supports -Werror=unused-command-line-argument
configure:12765: gcc -c -g -O2 -Werror=unused-command-line-argument  conftest.c >&5
cc1: error: '-Werror=unused-command-line-argument': no option '-Wunused-command-line-argument'; did you mean '-Wunused-dummy-argument'?
configure:12765: $? = 1
configure: failed program was:
| /* confdefs.h */
| #define PACKAGE_NAME "libXfont"
| #define PACKAGE_TARNAME "libXfont"
| #define PACKAGE_VERSION "1.5.2"
| #define PACKAGE_STRING "libXfont 1.5.2"
| #define PACKAGE_BUGREPORT "https://bugs.freedesktop.org/enter_bug.cgi?product=xorg"
| #define PACKAGE_URL ""
| #define PACKAGE "libXfont"
| #define VERSION "1.5.2"
| #define STDC_HEADERS 1
| #define HAVE_SYS_TYPES_H 1
| #define HAVE_SYS_STAT_H 1
| #define HAVE_STDLIB_H 1
| #define HAVE_STRING_H 1
| #define HAVE_MEMORY_H 1
| #define HAVE_STRINGS_H 1
| #define HAVE_INTTYPES_H 1
| #define HAVE_STDINT_H 1
| #define HAVE_UNISTD_H 1
| #define __EXTENSIONS__ 1
| #define _ALL_SOURCE 1
| #define _GNU_SOURCE 1
| #define _POSIX_PTHREAD_SEMANTICS 1
| #define _TANDEM_SOURCE 1
| #define HAVE_DLFCN_H 1
| #define LT_OBJDIR ".libs/"
| /* end confdefs.h.  */
| int i;
configure:12772: result: no
configure:12791: checking if gcc supports -Wall
configure:12808: gcc -o conftest -g -O2 -Wall   conftest.c  >&5
configure:12808: $? = 0
configure:12821: result: yes
configure:12909: checking if gcc supports -Wpointer-arith
configure:12926: gcc -o conftest -g -O2 -Wpointer-arith   conftest.c  >&5
configure:12926: $? = 0
configure:12939: result: yes
configure:13027: checking if gcc supports -Wmissing-declarations
configure:13044: gcc -o conftest -g -O2 -Wmissing-declarations   conftest.c  >&5
configure:13044: $? = 0
configure:13057: result: yes
configure:13145: checking if gcc supports -Wformat=2
configure:13162: gcc -o conftest -g -O2 -Wformat=2   conftest.c  >&5
configure:13162: $? = 0
configure:13175: result: yes
configure:13314: checking if gcc supports -Wstrict-prototypes
configure:13331: gcc -o conftest -g -O2 -Wstrict-prototypes   conftest.c  >&5
conftest.c:30:1: warning: function declaration isn't a prototype [-Wstrict-prototypes]
   30 | main ()
      | ^~~~
configure:13331: $? = 0
configure:13344: result: yes
configure:13432: checking if gcc supports -Wmissing-prototypes
configure:13449: gcc -o conftest -g -O2 -Wmissing-prototypes   conftest.c  >&5
configure:13449: $? = 0
configure:13462: result: yes
configure:13550: checking if gcc supports -Wnested-externs
configure:13567: gcc -o conftest -g -O2 -Wnested-externs   conftest.c  >&5
configure:13567: $? = 0
configure:13580: result: yes
configure:13668: checking if gcc supports -Wbad-function-cast
configure:13685: gcc -o conftest -g -O2 -Wbad-function-cast   conftest.c  >&5
configure:13685: $? = 0
configure:13698: result: yes
configure:13786: checking if gcc supports -Wold-style-definition
configure:13803: gcc -o conftest -g -O2 -Wold-style-definition   conftest.c  >&5
conftest.c: In function 'main':
conftest.c:30:1: warning: old-style function definition [-Wold-style-definition]
   30 | main ()
      | ^~~~
configure:13803: $? = 0
configure:13816: result: yes
configure:13953: checking if gcc supports -Wdeclaration-after-statement
configure:13970: gcc -o conftest -g -O2 -Wdeclaration-after-statement   conftest.c  >&5
configure:13970: $? = 0
configure:13983: result: yes
configure:14075: checking if gcc supports -Wunused
configure:14092: gcc -o conftest -g -O2 -Wunused   conftest.c  >&5
configure:14092: $? = 0
configure:14105: result: yes
configure:14193: checking if gcc supports -Wuninitialized
configure:14210: gcc -o conftest -g -O2 -Wuninitialized   conftest.c  >&5
configure:14210: $? = 0
configure:14223: result: yes
configure:14311: checking if gcc supports -Wshadow
configure:14328: gcc -o conftest -g -O2 -Wshadow   conftest.c  >&5
configure:14328: $? = 0
configure:14341: result: yes
configure:14429: checking if gcc supports -Wmissing-noreturn
configure:14446: gcc -o conftest -g -O2 -Wmissing-noreturn   conftest.c  >&5
configure:14446: $? = 0
configure:14459: result: yes
configure:14547: checking if gcc supports -Wmissing-format-attribute
configure:14564: gcc -o conftest -g -O2 -Wmissing-format-attribute   conftest.c  >&5
configure:14564: $? = 0
configure:14577: result: yes
configure:14665: checking if gcc supports -Wredundant-decls
configure:14682: gcc -o conftest -g -O2 -Wredundant-decls   conftest.c  >&5
configure:14682: $? = 0
configure:14695: result: yes
configure:14783: checking if gcc supports -Wlogical-op
configure:14800: gcc -o conftest -g -O2 -Wlogical-op   conftest.c  >&5
configure:14800: $? = 0
configure:14813: result: yes
configure:14913: checking if gcc supports -Werror=implicit
configure:14930: gcc -o conftest -g -O2 -Werror=implicit   conftest.c  >&5
configure:14930: $? = 0
configure:14943: result: yes
configure:15080: checking if gcc supports -Werror=nonnull
configure:15097: gcc -o conftest -g -O2 -Werror=nonnull   conftest.c  >&5
configure:15097: $? = 0
configure:15110: result: yes
configure:15198: checking if gcc supports -Werror=init-self
configure:15215: gcc -o conftest -g -O2 -Werror=init-self   conftest.c  >&5
configure:15215: $? = 0
configure:15228: result: yes
configure:15316: checking if gcc supports -Werror=main
configure:15333: gcc -o conftest -g -O2 -Werror=main   conftest.c  >&5
configure:15333: $? = 0
configure:15346: result: yes
configure:15434: checking if gcc supports -Werror=missing-braces
configure:15451: gcc -o conftest -g -O2 -Werror=missing-braces   conftest.c  >&5
configure:15451: $? = 0
configure:15464: result: yes
configure:15552: checking if gcc supports -Werror=sequence-point
configure:15569: gcc -o conftest -g -O2 -Werror=sequence-point   conftest.c  >&5
configure:15569: $? = 0
configure:15582: result: yes
configure:15670: checking if gcc supports -Werror=return-type
configure:15687: gcc -o conftest -g -O2 -Werror=return-type   conftest.c  >&5
configure:15687: $? = 0
configure:15700: result: yes
configure:15837: checking if gcc supports -Werror=trigraphs
configure:15854: gcc -o conftest -g -O2 -Werror=trigraphs   conftest.c  >&5
configure:15854: $? = 0
configure:15867: result: yes
configure:15955: checking if gcc supports -Werror=array-bounds
configure:15972: gcc -o conftest -g -O2 -Werror=array-bounds   conftest.c  >&5
configure:15972: $? = 0
configure:15985: result: yes
configure:16073: checking if gcc supports -Werror=write-strings
configure:16090: gcc -o conftest -g -O2 -Werror=write-strings   conftest.c  >&5
configure:16090: $? = 0
configure:16103: result: yes
configure:16191: checking if gcc supports -Werror=address
configure:16208: gcc -o conftest -g -O2 -Werror=address   conftest.c  >&5
configure:16208: $? = 0
configure:16221: result: yes
configure:16309: checking if gcc supports -Werror=int-to-pointer-cast
configure:16326: gcc -o conftest -g -O2 -Werror=int-to-pointer-cast   conftest.c  >&5
configure:16326: $? = 0
configure:16339: result: yes
configure:16476: checking if gcc supports -Werror=pointer-to-int-cast
configure:16493: gcc -o conftest -g -O2 -Werror=pointer-to-int-cast   conftest.c  >&5
configure:16493: $? = 0
configure:16506: result: yes
configure:18164: checking if gcc supports -pedantic
configure:18181: gcc -o conftest -g -O2 -pedantic   conftest.c  >&5
configure:18181: $? = 0
configure:18194: result: yes
configure:18282: checking if gcc supports -Werror
configure:18299: gcc -o conftest -g -O2 -Werror   conftest.c  >&5
configure:18299: $? = 0
configure:18312: result: yes
configure:18452: checking if gcc supports -Werror=attributes
configure:18469: gcc -o conftest -g -O2 -Werror=attributes   conftest.c  >&5
configure:18469: $? = 0
configure:18482: result: yes
configure:18642: checking whether make supports nested variables
configure:18659: result: yes
configure:18689: checking whether to build developer documentation
configure:18691: result: yes
configure:18710: checking for xmlto
configure:18743: result: no
configure:18749: WARNING: xmlto not found - documentation targets will be skipped
configure:18885: checking for fop
configure:18918: result: no
configure:18924: WARNING: fop not found - documentation targets will be skipped
configure:18997: checking for X.Org SGML entities >= 1.7
configure:19001: $PKG_CONFIG --exists --print-errors "xorg-sgml-doctools >= 1.7"
configure:19004: $? = 0
configure:19015: result: /usr/share/sgml
configure:19041: checking endian.h usability
configure:19041: gcc -c -g -O2  conftest.c >&5
configure:19041: $? = 0
configure:19041: result: yes
configure:19041: checking endian.h presence
configure:19041: gcc -E  conftest.c
configure:19041: $? = 0
configure:19041: result: yes
configure:19041: checking for endian.h
configure:19041: result: yes
configure:19041: checking poll.h usability
configure:19041: gcc -c -g -O2  conftest.c >&5
configure:19041: $? = 0
configure:19041: result: yes
configure:19041: checking poll.h presence
configure:19041: gcc -E  conftest.c
configure:19041: $? = 0
configure:19041: result: yes
configure:19041: checking for poll.h
configure:19041: result: yes
configure:19041: checking sys/poll.h usability
configure:19041: gcc -c -g -O2  conftest.c >&5
configure:19041: $? = 0
configure:19041: result: yes
configure:19041: checking sys/poll.h presence
configure:19041: gcc -E  conftest.c
configure:19041: $? = 0
configure:19041: result: yes
configure:19041: checking for sys/poll.h
configure:19041: result: yes
configure:19056: checking for poll
configure:19056: gcc -o conftest -g -O2   conftest.c  >&5
configure:19056: $? = 0
configure:19056: result: yes
configure:19056: checking for readlink
configure:19056: gcc -o conftest -g -O2   conftest.c  >&5
configure:19056: $? = 0
configure:19056: result: yes
configure:19122: checking for pkg-config
configure:19152: result: /usr/bin/pkg-config
configure:19177: checking pkg-config is at least version 0.9.0
configure:19180: result: yes
configure:19230: checking for FREETYPE
configure:19237: $PKG_CONFIG --exists --print-errors "freetype2"
configure:19240: $? = 0
configure:19254: $PKG_CONFIG --exists --print-errors "freetype2"
configure:19257: $? = 0
configure:19295: result: yes
configure:19378: checking for gzopen in -lz
configure:19403: gcc -o conftest -g -O2   conftest.c -lz   >&5
configure:19403: $? = 0
configure:19412: result: yes
configure:19638: checking for hypot in -lm
configure:19663: gcc -o conftest -g -O2   conftest.c -lm   >&5
conftest.c:51:6: warning: conflicting types for built-in function 'hypot'; expected 'double(double,  double)' [-Wbuiltin-declaration-mismatch]
   51 | char hypot ();
      |      ^~~~~
conftest.c:1:1: note: 'hypot' is declared in header '<math.h>'
    1 | /* confdefs.h */
configure:19663: $? = 0
configure:19672: result: yes
configure:19684: checking for XFONT
configure:19691: $PKG_CONFIG --exists --print-errors "xproto xtrans fontsproto >= 2.1.3 fontenc"
configure:19694: $? = 0
configure:19708: $PKG_CONFIG --exists --print-errors "xproto xtrans fontsproto >= 2.1.3 fontenc"
configure:19711: $? = 0
configure:19769: result: yes
configure:19788: checking if Xtrans should support UNIX socket connections
configure:19795: result: yes
configure:19804: checking if Xtrans should support TCP socket connections
configure:19806: result: yes
configure:19814: checking for library containing socket
configure:19845: gcc -o conftest -g -O2   conftest.c  >&5
configure:19845: $? = 0
configure:19862: result: none required
configure:19870: checking for library containing gethostbyname
configure:19901: gcc -o conftest -g -O2   conftest.c  >&5
configure:19901: $? = 0
configure:19918: result: none required
configure:19973: checking for getaddrinfo
configure:19973: gcc -o conftest -g -O2   conftest.c  >&5
configure:19973: $? = 0
configure:19973: result: yes
configure:19982: checking if IPv6 support should be built
configure:19989: result: yes
configure:19993: checking for struct sockaddr_in.sin_len
configure:19993: gcc -c -g -O2  conftest.c >&5
conftest.c: In function 'main':
conftest.c:57:12: error: 'struct sockaddr_in' has no member named 'sin_len'
   57 | if (ac_aggr.sin_len)
      |            ^
configure:19993: $? = 1
configure: failed program was:
| /* confdefs.h */
| #define PACKAGE_NAME "libXfont"
| #define PACKAGE_TARNAME "libXfont"
| #define PACKAGE_VERSION "1.5.2"
| #define PACKAGE_STRING "libXfont 1.5.2"
| #define PACKAGE_BUGREPORT "https://bugs.freedesktop.org/enter_bug.cgi?product=xorg"
| #define PACKAGE_URL ""
| #define PACKAGE "libXfont"
| #define VERSION "1.5.2"
| #define STDC_HEADERS 1
| #define HAVE_SYS_TYPES_H 1
| #define HAVE_SYS_STAT_H 1
| #define HAVE_STDLIB_H 1
| #define HAVE_STRING_H 1
| #define HAVE_MEMORY_H 1
| #define HAVE_STRINGS_H 1
| #define HAVE_INTTYPES_H 1
| #define HAVE_STDINT_H 1
| #define HAVE_UNISTD_H 1
| #define __EXTENSIONS__ 1
| #define _ALL_SOURCE 1
| #define _GNU_SOURCE 1
| #define _POSIX_PTHREAD_SEMANTICS 1
| #define _TANDEM_SOURCE 1
| #define HAVE_DLFCN_H 1
| #define LT_OBJDIR ".libs/"
| #define PACKAGE_VERSION_MAJOR 1
| #define PACKAGE_VERSION_MINOR 5
| #define PACKAGE_VERSION_PATCHLEVEL 2
| #define HAVE_ENDIAN_H 1
| #define HAVE_POLL_H 1
| #define HAVE_SYS_POLL_H 1
| #define HAVE_POLL 1
| #define HAVE_READLINK 1
| #define XFONT_FREETYPE 1
| #define X_GZIP_FONT_COMPRESSION 1
| #define XFONT_BUILTINS 1
| #define XFONT_PCFFORMAT 1
| #define XFONT_BDFFORMAT 1
| #define XFONT_BITMAP 1
| #define XFONT_FONTFILE 1
| #define XFONT_FC 1
| #define UNIXCONN 1
| #define TCPCONN 1
| #define IPv6 1
| /* end confdefs.h.  */
| 
| #include <sys/types.h>
| #include <sys/socket.h>
| #include <netinet/in.h>
| 
| 
| int
| main ()
| {
| static struct sockaddr_in ac_aggr;
| if (ac_aggr.sin_len)
| return 0;
|   ;
|   return 0;
| }
configure:19993: gcc -c -g -O2  conftest.c >&5
conftest.c: In function 'main':
conftest.c:57:19: error: 'struct sockaddr_in' has no member named 'sin_len'
   57 | if (sizeof ac_aggr.sin_len)
      |                   ^
configure:19993: $? = 1
configure: failed program was:
| /* confdefs.h */
| #define PACKAGE_NAME "libXfont"
| #define PACKAGE_TARNAME "libXfont"
| #define PACKAGE_VERSION "1.5.2"
| #define PACKAGE_STRING "libXfont 1.5.2"
| #define PACKAGE_BUGREPORT "https://bugs.freedesktop.org/enter_bug.cgi?product=xorg"
| #define PACKAGE_URL ""
| #define PACKAGE "libXfont"
| #define VERSION "1.5.2"
| #define STDC_HEADERS 1
| #define HAVE_SYS_TYPES_H 1
| #define HAVE_SYS_STAT_H 1
| #define HAVE_STDLIB_H 1
| #define HAVE_STRING_H 1
| #define HAVE_MEMORY_H 1
| #define HAVE_STRINGS_H 1
| #define HAVE_INTTYPES_H 1
| #define HAVE_STDINT_H 1
| #define HAVE_UNISTD_H 1
| #define __EXTENSIONS__ 1
| #define _ALL_SOURCE 1
| #define _GNU_SOURCE 1
| #define _POSIX_PTHREAD_SEMANTICS 1
| #define _TANDEM_SOURCE 1
| #define HAVE_DLFCN_H 1
| #define LT_OBJDIR ".libs/"
| #define PACKAGE_VERSION_MAJOR 1
| #define PACKAGE_VERSION_MINOR 5
| #define PACKAGE_VERSION_PATCHLEVEL 2
| #define HAVE_ENDIAN_H 1
| #define HAVE_POLL_H 1
| #define HAVE_SYS_POLL_H 1
| #define HAVE_POLL 1
| #define HAVE_READLINK 1
| #define XFONT_FREETYPE 1
| #define X_GZIP_FONT_COMPRESSION 1
| #define XFONT_BUILTINS 1
| #define XFONT_PCFFORMAT 1
| #define XFONT_BDFFORMAT 1
| #define XFONT_BITMAP 1
| #define XFONT_FONTFILE 1
| #define XFONT_FC 1
| #define UNIXCONN 1
| #define TCPCONN 1
| #define IPv6 1
| /* end confdefs.h.  */
| 
| #include <sys/types.h>
| #include <sys/socket.h>
| #include <netinet/in.h>
| 
| 
| int
| main ()
| {
| static struct sockaddr_in ac_aggr;
| if (sizeof ac_aggr.sin_len)
| return 0;
|   ;
|   return 0;
| }
configure:19993: result: no
configure:20007: checking for socklen_t
configure:20007: gcc -c -g -O2  conftest.c >&5
configure:20007: $? = 0
configure:20007: gcc -c -g -O2  conftest.c >&5
conftest.c: In function 'main':
conftest.c:86:24: error: expected expression before ')' token
   86 | if (sizeof ((socklen_t)))
      |                        ^
configure:20007: $? = 1
configure: failed program was:
| /* confdefs.h */
| #define PACKAGE_NAME "libXfont"
| #define PACKAGE_TARNAME "libXfont"
| #define PACKAGE_VERSION "1.5.2"
| #define PACKAGE_STRING "libXfont 1.5.2"
| #define PACKAGE_BUGREPORT "https://bugs.freedesktop.org/enter_bug.cgi?product=xorg"
| #define PACKAGE_URL ""
| #define PACKAGE "libXfont"
| #define VERSION "1.5.2"
| #define STDC_HEADERS 1
| #define HAVE_SYS_TYPES_H 1
| #define HAVE_SYS_STAT_H 1
| #define HAVE_STDLIB_H 1
| #define HAVE_STRING_H 1
| #define HAVE_MEMORY_H 1
| #define HAVE_STRINGS_H 1
| #define HAVE_INTTYPES_H 1
| #define HAVE_STDINT_H 1
| #define HAVE_UNISTD_H 1
| #define __EXTENSIONS__ 1
| #define _ALL_SOURCE 1
| #define _GNU_SOURCE 1
| #define _POSIX_PTHREAD_SEMANTICS 1
| #define _TANDEM_SOURCE 1
| #define HAVE_DLFCN_H 1
| #define LT_OBJDIR ".libs/"
| #define PACKAGE_VERSION_MAJOR 1
| #define PACKAGE_VERSION_MINOR 5
| #define PACKAGE_VERSION_PATCHLEVEL 2
| #define HAVE_ENDIAN_H 1
| #define HAVE_POLL_H 1
| #define HAVE_SYS_POLL_H 1
| #define HAVE_POLL 1
| #define HAVE_READLINK 1
| #define XFONT_FREETYPE 1
| #define X_GZIP_FONT_COMPRESSION 1
| #define XFONT_BUILTINS 1
| #define XFONT_PCFFORMAT 1
| #define XFONT_BDFFORMAT 1
| #define XFONT_BITMAP 1
| #define XFONT_FONTFILE 1
| #define XFONT_FC 1
| #define UNIXCONN 1
| #define TCPCONN 1
| #define IPv6 1
| /* end confdefs.h.  */
| 
| #include <stdio.h>
| #ifdef HAVE_SYS_TYPES_H
| # include <sys/types.h>
| #endif
| #ifdef HAVE_SYS_STAT_H
| # include <sys/stat.h>
| #endif
| #ifdef STDC_HEADERS
| # include <stdlib.h>
| # include <stddef.h>
| #else
| # ifdef HAVE_STDLIB_H
| #  include <stdlib.h>
| # endif
| #endif
| #ifdef HAVE_STRING_H
| # if !defined STDC_HEADERS && defined HAVE_MEMORY_H
| #  include <memory.h>
| # endif
| # include <string.h>
| #endif
| #ifdef HAVE_STRINGS_H
| # include <strings.h>
| #endif
| #ifdef HAVE_INTTYPES_H
| # include <inttypes.h>
| #endif
| #ifdef HAVE_STDINT_H
| # include <stdint.h>
| #endif
| #ifdef HAVE_UNISTD_H
| # include <unistd.h>
| #endif
| #include <sys/socket.h>
| 
| int
| main ()
| {
| if (sizeof ((socklen_t)))
| 	    return 0;
|   ;
|   return 0;
| }
configure:20007: result: yes
configure:20023: checking for struct msghdr.msg_control
configure:20023: gcc -c -g -O2  conftest.c >&5
configure:20023: $? = 0
configure:20023: result: yes
configure:20085: checking if Xtrans should support os-specific local connections
configure:20087: result: no
configure:20210: checking that generated files are newer than configure
configure:20216: result: done
configure:20299: creating ./config.status

## ---------------------- ##
## Running config.status. ##
## ---------------------- ##

This file was extended by libXfont config.status 1.5.2, which was
generated by GNU Autoconf 2.69.  Invocation command line was

  CONFIG_FILES    = 
  CONFIG_HEADERS  = 
  CONFIG_LINKS    = 
  CONFIG_COMMANDS = 
  $ ./config.status 

on XPS12

config.status:1197: creating Makefile
config.status:1197: creating doc/Makefile
config.status:1197: creating src/Makefile
config.status:1197: creating src/fontfile/Makefile
config.status:1197: creating src/FreeType/Makefile
config.status:1197: creating src/builtins/Makefile
config.status:1197: creating src/bitmap/Makefile
config.status:1197: creating src/fc/Makefile
config.status:1197: creating src/util/Makefile
config.status:1197: creating src/stubs/Makefile
config.status:1197: creating xfont.pc
config.status:1197: creating config.h
config.status:1197: creating include/X11/fonts/fontconf.h
config.status:1426: executing depfiles commands
config.status:1426: executing libtool commands

## ---------------- ##
## Cache variables. ##
## ---------------- ##

ac_cv_build=x86_64-unknown-linux-gnu
ac_cv_c_compiler_gnu=yes
ac_cv_env_CC_set=
ac_cv_env_CC_value=
ac_cv_env_CFLAGS_set=
ac_cv_env_CFLAGS_value=
ac_cv_env_CPPFLAGS_set=
ac_cv_env_CPPFLAGS_value=
ac_cv_env_CPP_set=
ac_cv_env_CPP_value=
ac_cv_env_FOP_set=
ac_cv_env_FOP_value=
ac_cv_env_FREETYPE_CFLAGS_set=
ac_cv_env_FREETYPE_CFLAGS_value=
ac_cv_env_FREETYPE_LIBS_set=
ac_cv_env_FREETYPE_LIBS_value=
ac_cv_env_LDFLAGS_set=
ac_cv_env_LDFLAGS_value=
ac_cv_env_LIBS_set=
ac_cv_env_LIBS_value=
ac_cv_env_LT_SYS_LIBRARY_PATH_set=
ac_cv_env_LT_SYS_LIBRARY_PATH_value=
ac_cv_env_PKG_CONFIG_LIBDIR_set=
ac_cv_env_PKG_CONFIG_LIBDIR_value=
ac_cv_env_PKG_CONFIG_PATH_set=
ac_cv_env_PKG_CONFIG_PATH_value=
ac_cv_env_PKG_CONFIG_set=
ac_cv_env_PKG_CONFIG_value=
ac_cv_env_XFONT_CFLAGS_set=
ac_cv_env_XFONT_CFLAGS_value=
ac_cv_env_XFONT_LIBS_set=
ac_cv_env_XFONT_LIBS_value=
ac_cv_env_XMLTO_set=
ac_cv_env_XMLTO_value=
ac_cv_env_build_alias_set=
ac_cv_env_build_alias_value=
ac_cv_env_host_alias_set=
ac_cv_env_host_alias_value=
ac_cv_env_target_alias_set=
ac_cv_env_target_alias_value=
ac_cv_func_getaddrinfo=yes
ac_cv_func_poll=yes
ac_cv_func_readlink=yes
ac_cv_have_decl___INTEL_COMPILER=no
ac_cv_have_decl___SUNPRO_C=no
ac_cv_have_decl___clang__=no
ac_cv_header_dlfcn_h=yes
ac_cv_header_endian_h=yes
ac_cv_header_inttypes_h=yes
ac_cv_header_memory_h=yes
ac_cv_header_minix_config_h=no
ac_cv_header_poll_h=yes
ac_cv_header_stdc=yes
ac_cv_header_stdint_h=yes
ac_cv_header_stdlib_h=yes
ac_cv_header_string_h=yes
ac_cv_header_strings_h=yes
ac_cv_header_sys_poll_h=yes
ac_cv_header_sys_stat_h=yes
ac_cv_header_sys_types_h=yes
ac_cv_header_unistd_h=yes
ac_cv_host=x86_64-unknown-linux-gnu
ac_cv_lib_m_hypot=yes
ac_cv_lib_z_gzopen=yes
ac_cv_member_struct_msghdr_msg_control=yes
ac_cv_member_struct_sockaddr_in_sin_len=no
ac_cv_objext=o
ac_cv_path_EGREP='/bin/grep -E'
ac_cv_path_FGREP='/bin/grep -F'
ac_cv_path_GREP=/bin/grep
ac_cv_path_SED=/bin/sed
ac_cv_path_ac_pt_PKG_CONFIG=/usr/bin/pkg-config
ac_cv_path_install='/usr/bin/install -c'
ac_cv_path_lt_DD=/bin/dd
ac_cv_path_mkdir=/bin/mkdir
ac_cv_prog_AWK=mawk
ac_cv_prog_CPP='gcc -E'
ac_cv_prog_ac_ct_AR=ar
ac_cv_prog_ac_ct_CC=gcc
ac_cv_prog_ac_ct_OBJDUMP=objdump
ac_cv_prog_ac_ct_RANLIB=ranlib
ac_cv_prog_ac_ct_STRIP=strip
ac_cv_prog_cc_c89=
ac_cv_prog_cc_c99=
ac_cv_prog_cc_g=yes
ac_cv_prog_make_make_set=yes
ac_cv_safe_to_define___extensions__=yes
ac_cv_search_gethostbyname='none required'
ac_cv_search_socket='none required'
ac_cv_type_socklen_t=yes
am_cv_CC_dependencies_compiler_type=gcc3
am_cv_make_support_nested_variables=yes
am_cv_prog_cc_c_o=yes
lt_cv_ar_at_file=@
lt_cv_archive_cmds_need_lc=no
lt_cv_deplibs_check_method=pass_all
lt_cv_file_magic_cmd='$MAGIC_CMD'
lt_cv_file_magic_test_file=
lt_cv_ld_reload_flag=-r
lt_cv_nm_interface='BSD nm'
lt_cv_objdir=.libs
lt_cv_path_LD=/usr/bin/ld
lt_cv_path_NM='/usr/bin/nm -B'
lt_cv_path_mainfest_tool=no
lt_cv_prog_compiler_c_o=yes
lt_cv_prog_compiler_pic='-fPIC -DPIC'
lt_cv_prog_compiler_pic_works=yes
lt_cv_prog_compiler_rtti_exceptions=no
lt_cv_prog_compiler_static_works=yes
lt_cv_prog_gnu_ld=yes
lt_cv_sharedlib_from_linklib_cmd='printf %s\n'
lt_cv_shlibpath_overrides_runpath=yes
lt_cv_sys_global_symbol_pipe='sed -n -e '\''s/^.*[	 ]\([ABCDGIRSTW][ABCDGIRSTW]*\)[	 ][	 ]*\([_A-Za-z][_A-Za-z0-9]*\)$/\1 \2 \2/p'\'' | sed '\''/ __gnu_lto/d'\'''
lt_cv_sys_global_symbol_to_c_name_address='sed -n -e '\''s/^: \(.*\) .*$/  {"\1", (void *) 0},/p'\'' -e '\''s/^[ABCDGIRSTW][ABCDGIRSTW]* .* \(.*\)$/  {"\1", (void *) \&\1},/p'\'''
lt_cv_sys_global_symbol_to_c_name_address_lib_prefix='sed -n -e '\''s/^: \(.*\) .*$/  {"\1", (void *) 0},/p'\'' -e '\''s/^[ABCDGIRSTW][ABCDGIRSTW]* .* \(lib.*\)$/  {"\1", (void *) \&\1},/p'\'' -e '\''s/^[ABCDGIRSTW][ABCDGIRSTW]* .* \(.*\)$/  {"lib\1", (void *) \&\1},/p'\'''
lt_cv_sys_global_symbol_to_cdecl='sed -n -e '\''s/^T .* \(.*\)$/extern int \1();/p'\'' -e '\''s/^[ABCDGIRSTW][ABCDGIRSTW]* .* \(.*\)$/extern char \1;/p'\'''
lt_cv_sys_global_symbol_to_import=
lt_cv_sys_max_cmd_len=1572864
lt_cv_to_host_file_cmd=func_convert_file_noop
lt_cv_to_tool_file_cmd=func_convert_file_noop
lt_cv_truncate_bin='/bin/dd bs=4096 count=1'
pkg_cv_FREETYPE_CFLAGS='-I/usr/include/freetype2 -I/usr/include/libpng16 '
pkg_cv_FREETYPE_LIBS='-lfreetype '
pkg_cv_XFONT_CFLAGS='-D_DEFAULT_SOURCE -D_BSD_SOURCE -DHAS_FCHOWN -DHAS_STICKY_DIR_BIT '
pkg_cv_XFONT_LIBS='-lfontenc '
xorg_cv_cc_flag__Wall=yes
xorg_cv_cc_flag__Wbad_function_cast=yes
xorg_cv_cc_flag__Wdeclaration_after_statement=yes
xorg_cv_cc_flag__Werror=yes
xorg_cv_cc_flag__Werror_address=yes
xorg_cv_cc_flag__Werror_array_bounds=yes
xorg_cv_cc_flag__Werror_attributes=yes
xorg_cv_cc_flag__Werror_implicit=yes
xorg_cv_cc_flag__Werror_init_self=yes
xorg_cv_cc_flag__Werror_int_to_pointer_cast=yes
xorg_cv_cc_flag__Werror_main=yes
xorg_cv_cc_flag__Werror_missing_braces=yes
xorg_cv_cc_flag__Werror_nonnull=yes
xorg_cv_cc_flag__Werror_pointer_to_int_cast=yes
xorg_cv_cc_flag__Werror_return_type=yes
xorg_cv_cc_flag__Werror_sequence_point=yes
xorg_cv_cc_flag__Werror_trigraphs=yes
xorg_cv_cc_flag__Werror_write_strings=yes
xorg_cv_cc_flag__Wformat_2=yes
xorg_cv_cc_flag__Wlogical_op=yes
xorg_cv_cc_flag__Wmissing_declarations=yes
xorg_cv_cc_flag__Wmissing_format_attribute=yes
xorg_cv_cc_flag__Wmissing_noreturn=yes
xorg_cv_cc_flag__Wmissing_prototypes=yes
xorg_cv_cc_flag__Wnested_externs=yes
xorg_cv_cc_flag__Wold_style_definition=yes
xorg_cv_cc_flag__Wpointer_arith=yes
xorg_cv_cc_flag__Wredundant_decls=yes
xorg_cv_cc_flag__Wshadow=yes
xorg_cv_cc_flag__Wstrict_prototypes=yes
xorg_cv_cc_flag__Wuninitialized=yes
xorg_cv_cc_flag__Wunused=yes
xorg_cv_cc_flag__pedantic=yes
xorg_cv_cc_flag_unknown_warning_option=no
xorg_cv_cc_flag_unused_command_line_argument=no

## ----------------- ##
## Output variables. ##
## ----------------- ##

ACLOCAL='${SHELL} /root/libXfont-1.5.2/missing aclocal-1.15'
ADMIN_MAN_DIR='$(mandir)/man$(ADMIN_MAN_SUFFIX)'
ADMIN_MAN_SUFFIX='8'
AMDEPBACKSLASH='\'
AMDEP_FALSE='#'
AMDEP_TRUE=''
AMTAR='$${TAR-tar}'
AM_BACKSLASH='\'
AM_DEFAULT_V='$(AM_DEFAULT_VERBOSITY)'
AM_DEFAULT_VERBOSITY='0'
AM_V='$(V)'
APP_MAN_DIR='$(mandir)/man$(APP_MAN_SUFFIX)'
APP_MAN_SUFFIX='1'
AR='ar'
AUTOCONF='${SHELL} /root/libXfont-1.5.2/missing autoconf'
AUTOHEADER='${SHELL} /root/libXfont-1.5.2/missing autoheader'
AUTOMAKE='${SHELL} /root/libXfont-1.5.2/missing automake-1.15'
AWK='mawk'
BASE_CFLAGS=' -Wall -Wpointer-arith -Wmissing-declarations -Wformat=2 -Wstrict-prototypes -Wmissing-prototypes -Wnested-externs -Wbad-function-cast -Wold-style-definition -Wdeclaration-after-statement -Wunused -Wuninitialized -Wshadow -Wmissing-noreturn -Wmissing-format-attribute -Wredundant-decls -Wlogical-op -Werror=implicit -Werror=nonnull -Werror=init-self -Werror=main -Werror=missing-braces -Werror=sequence-point -Werror=return-type -Werror=trigraphs -Werror=array-bounds -Werror=write-strings -Werror=address -Werror=int-to-pointer-cast -Werror=pointer-to-int-cast'
CC='gcc'
CCDEPMODE='depmode=gcc3'
CFLAGS='-g -O2'
CHANGELOG_CMD='(GIT_DIR=$(top_srcdir)/.git git log > $(top_srcdir)/.changelog.tmp && mv $(top_srcdir)/.changelog.tmp $(top_srcdir)/ChangeLog) || (rm -f $(top_srcdir)/.changelog.tmp; touch $(top_srcdir)/ChangeLog; echo '\''git directory not found: installing possibly empty changelog.'\'' >&2)'
CPP='gcc -E'
CPPFLAGS=''
CWARNFLAGS=' -Wall -Wpointer-arith -Wmissing-declarations -Wformat=2 -Wstrict-prototypes -Wmissing-prototypes -Wnested-externs -Wbad-function-cast -Wold-style-definition -Wdeclaration-after-statement -Wunused -Wuninitialized -Wshadow -Wmissing-noreturn -Wmissing-format-attribute -Wredundant-decls -Wlogical-op -Werror=implicit -Werror=nonnull -Werror=init-self -Werror=main -Werror=missing-braces -Werror=sequence-point -Werror=return-type -Werror=trigraphs -Werror=array-bounds -Werror=write-strings -Werror=address -Werror=int-to-pointer-cast -Werror=pointer-to-int-cast -fno-strict-aliasing'
CYGPATH_W='echo'
DEFS='-DHAVE_CONFIG_H'
DEPDIR='.deps'
DLLTOOL='false'
DRIVER_MAN_DIR='$(mandir)/man$(DRIVER_MAN_SUFFIX)'
DRIVER_MAN_SUFFIX='4'
DSYMUTIL=''
DUMPBIN=''
ECHO_C=''
ECHO_N='-n'
ECHO_T=''
EGREP='/bin/grep -E'
ENABLE_DEVEL_DOCS_FALSE='#'
ENABLE_DEVEL_DOCS_TRUE=''
EXEEXT=''
FGREP='/bin/grep -F'
FILE_MAN_DIR='$(mandir)/man$(FILE_MAN_SUFFIX)'
FILE_MAN_SUFFIX='5'
FOP=''
FREETYPE_CFLAGS='-I/usr/include/freetype2 -I/usr/include/libpng16 '
FREETYPE_LIBS='-lfreetype '
FREETYPE_REQUIRES='freetype2'
GREP='/bin/grep'
HAVE_FOP_FALSE=''
HAVE_FOP_TRUE='#'
HAVE_STYLESHEETS_FALSE='#'
HAVE_STYLESHEETS_TRUE=''
HAVE_XMLTO_FALSE=''
HAVE_XMLTO_TEXT_FALSE=''
HAVE_XMLTO_TEXT_TRUE='#'
HAVE_XMLTO_TRUE='#'
INSTALL_CMD='(cp -f /usr/local/share/util-macros/INSTALL $(top_srcdir)/.INSTALL.tmp && mv $(top_srcdir)/.INSTALL.tmp $(top_srcdir)/INSTALL) || (rm -f $(top_srcdir)/.INSTALL.tmp; touch $(top_srcdir)/INSTALL; echo '\''util-macros "pkgdatadir" from xorg-macros.pc not found: installing possibly empty INSTALL.'\'' >&2)'
INSTALL_DATA='${INSTALL} -m 644'
INSTALL_PROGRAM='${INSTALL}'
INSTALL_SCRIPT='${INSTALL}'
INSTALL_STRIP_PROGRAM='$(install_sh) -c -s'
LD='/usr/bin/ld -m elf_x86_64'
LDFLAGS=''
LIBOBJS=''
LIBS=''
LIBTOOL='$(SHELL) $(top_builddir)/libtool'
LIB_MAN_DIR='$(mandir)/man$(LIB_MAN_SUFFIX)'
LIB_MAN_SUFFIX='3'
LIPO=''
LN_S='ln -s'
LTLIBOBJS=''
LT_SYS_LIBRARY_PATH=''
MAKEINFO='${SHELL} /root/libXfont-1.5.2/missing makeinfo'
MANIFEST_TOOL=':'
MAN_SUBSTS='	-e '\''s|__vendorversion__|"$(PACKAGE_STRING)" "$(XORG_MAN_PAGE)"|'\'' 	-e '\''s|__xorgversion__|"$(PACKAGE_STRING)" "$(XORG_MAN_PAGE)"|'\'' 	-e '\''s|__xservername__|Xorg|g'\'' 	-e '\''s|__xconfigfile__|xorg.conf|g'\'' 	-e '\''s|__projectroot__|$(prefix)|g'\'' 	-e '\''s|__apploaddir__|$(appdefaultdir)|g'\'' 	-e '\''s|__appmansuffix__|$(APP_MAN_SUFFIX)|g'\'' 	-e '\''s|__drivermansuffix__|$(DRIVER_MAN_SUFFIX)|g'\'' 	-e '\''s|__adminmansuffix__|$(ADMIN_MAN_SUFFIX)|g'\'' 	-e '\''s|__libmansuffix__|$(LIB_MAN_SUFFIX)|g'\'' 	-e '\''s|__miscmansuffix__|$(MISC_MAN_SUFFIX)|g'\'' 	-e '\''s|__filemansuffix__|$(FILE_MAN_SUFFIX)|g'\'''
MATH_LIBS='-lm'
MISC_MAN_DIR='$(mandir)/man$(MISC_MAN_SUFFIX)'
MISC_MAN_SUFFIX='7'
MKDIR_P='/bin/mkdir -p'
NM='/usr/bin/nm -B'
NMEDIT=''
OBJDUMP='objdump'
OBJEXT='o'
OS_CFLAGS='-D_XOPEN_SOURCE'
OTOOL64=''
OTOOL=''
PACKAGE='libXfont'
PACKAGE_BUGREPORT='https://bugs.freedesktop.org/enter_bug.cgi?product=xorg'
PACKAGE_NAME='libXfont'
PACKAGE_STRING='libXfont 1.5.2'
PACKAGE_TARNAME='libXfont'
PACKAGE_URL=''
PACKAGE_VERSION='1.5.2'
PATH_SEPARATOR=':'
PKG_CONFIG='/usr/bin/pkg-config'
PKG_CONFIG_LIBDIR=''
PKG_CONFIG_PATH=''
RANLIB='ranlib'
SED='/bin/sed'
SET_MAKE=''
SHELL='/bin/bash'
STRICT_CFLAGS=' -pedantic -Werror -Werror=attributes'
STRIP='strip'
STYLESHEET_SRCDIR='/usr/share/sgml/X11'
VERSION='1.5.2'
XFONT_BDFFORMAT_FALSE='#'
XFONT_BDFFORMAT_TRUE=''
XFONT_BITMAP_FALSE='#'
XFONT_BITMAP_TRUE=''
XFONT_BUILTINS_FALSE='#'
XFONT_BUILTINS_TRUE=''
XFONT_CFLAGS='-D_DEFAULT_SOURCE -D_BSD_SOURCE -DHAS_FCHOWN -DHAS_STICKY_DIR_BIT '
XFONT_FC_FALSE='#'
XFONT_FC_TRUE=''
XFONT_FONTFILE_FALSE='#'
XFONT_FONTFILE_TRUE=''
XFONT_FREETYPE_FALSE='#'
XFONT_FREETYPE_TRUE=''
XFONT_LIBS='-lfontenc '
XFONT_PCFFORMAT_FALSE='#'
XFONT_PCFFORMAT_TRUE=''
XFONT_PCF_OR_BUILTIN_FALSE='#'
XFONT_PCF_OR_BUILTIN_TRUE=''
XFONT_SNFFORMAT_FALSE=''
XFONT_SNFFORMAT_TRUE='#'
XMLTO=''
XORG_MAN_PAGE='X Version 11'
XORG_SGML_PATH='/usr/share/sgml'
XSL_STYLESHEET='/usr/share/sgml/X11/xorg.xsl'
X_BZIP2_FONT_COMPRESSION_FALSE=''
X_BZIP2_FONT_COMPRESSION_TRUE='#'
X_GZIP_FONT_COMPRESSION='1'
Z_LIBS='-lz'
ac_ct_AR='ar'
ac_ct_CC='gcc'
ac_ct_DUMPBIN=''
am__EXEEXT_FALSE=''
am__EXEEXT_TRUE='#'
am__fastdepCC_FALSE='#'
am__fastdepCC_TRUE=''
am__include='include'
am__isrc=''
am__leading_dot='.'
am__nodep='_no'
am__quote=''
am__tar='$${TAR-tar} chof - "$$tardir"'
am__untar='$${TAR-tar} xf -'
bindir='${exec_prefix}/bin'
build='x86_64-unknown-linux-gnu'
build_alias=''
build_cpu='x86_64'
build_os='linux-gnu'
build_vendor='unknown'
datadir='${datarootdir}'
datarootdir='${prefix}/share'
docdir='${datarootdir}/doc/${PACKAGE_TARNAME}'
dvidir='${docdir}'
exec_prefix='${prefix}'
ft_config='no'
host='x86_64-unknown-linux-gnu'
host_alias=''
host_cpu='x86_64'
host_os='linux-gnu'
host_vendor='unknown'
htmldir='${docdir}'
includedir='${prefix}/include'
infodir='${datarootdir}/info'
install_sh='${SHELL} /root/libXfont-1.5.2/install-sh'
libdir='${exec_prefix}/lib'
libexecdir='${exec_prefix}/libexec'
localedir='${datarootdir}/locale'
localstatedir='${prefix}/var'
mandir='${datarootdir}/man'
mkdir_p='$(MKDIR_P)'
oldincludedir='/usr/include'
pdfdir='${docdir}'
prefix='/xorg'
program_transform_name='s,x,x,'
psdir='${docdir}'
sbindir='${exec_prefix}/sbin'
sharedstatedir='${prefix}/com'
sysconfdir='${prefix}/etc'
target_alias=''

## ----------- ##
## confdefs.h. ##
## ----------- ##

/* confdefs.h */
#define PACKAGE_NAME "libXfont"
#define PACKAGE_TARNAME "libXfont"
#define PACKAGE_VERSION "1.5.2"
#define PACKAGE_STRING "libXfont 1.5.2"
#define PACKAGE_BUGREPORT "https://bugs.freedesktop.org/enter_bug.cgi?product=xorg"
#define PACKAGE_URL ""
#define PACKAGE "libXfont"
#define VERSION "1.5.2"
#define STDC_HEADERS 1
#define HAVE_SYS_TYPES_H 1
#define HAVE_SYS_STAT_H 1
#define HAVE_STDLIB_H 1
#define HAVE_STRING_H 1
#define HAVE_MEMORY_H 1
#define HAVE_STRINGS_H 1
#define HAVE_INTTYPES_H 1
#define HAVE_STDINT_H 1
#define HAVE_UNISTD_H 1
#define __EXTENSIONS__ 1
#define _ALL_SOURCE 1
#define _GNU_SOURCE 1
#define _POSIX_PTHREAD_SEMANTICS 1
#define _TANDEM_SOURCE 1
#define HAVE_DLFCN_H 1
#define LT_OBJDIR ".libs/"
#define PACKAGE_VERSION_MAJOR 1
#define PACKAGE_VERSION_MINOR 5
#define PACKAGE_VERSION_PATCHLEVEL 2
#define HAVE_ENDIAN_H 1
#define HAVE_POLL_H 1
#define HAVE_SYS_POLL_H 1
#define HAVE_POLL 1
#define HAVE_READLINK 1
#define XFONT_FREETYPE 1
#define X_GZIP_FONT_COMPRESSION 1
#define XFONT_BUILTINS 1
#define XFONT_PCFFORMAT 1
#define XFONT_BDFFORMAT 1
#define XFONT_BITMAP 1
#define XFONT_FONTFILE 1
#define XFONT_FC 1
#define UNIXCONN 1
#define TCPCONN 1
#define IPv6 1
#define HAVE_SOCKLEN_T 1

configure: exit 0
