This file contains any messages produced by compilers while
running configure, to aid debugging if configure makes a mistake.

It was created by font-util configure 1.3.2, which was
generated by GNU Autoconf 2.69.  Invocation command line was

  $ ./configure --prefix=/xorg

## --------- ##
## Platform. ##
## --------- ##

hostname = XPS12
uname -m = x86_64
uname -r = 4.4.0-19041-Microsoft
uname -s = Linux
uname -v = #488-Microsoft Mon Sep 01 13:43:00 PST 2020

/usr/bin/uname -p = unknown
/bin/uname -X     = unknown

/bin/arch              = unknown
/usr/bin/arch -k       = unknown
/usr/convex/getsysinfo = unknown
/usr/bin/hostinfo      = unknown
/bin/machine           = unknown
/usr/bin/oslevel       = unknown
/bin/universe          = unknown

PATH: /usr/local/sbin
PATH: /usr/local/bin
PATH: /usr/sbin
PATH: /usr/bin
PATH: /sbin
PATH: /bin


## ----------- ##
## Core tests. ##
## ----------- ##

configure:2144: checking for a BSD-compatible install
configure:2212: result: /usr/bin/install -c
configure:2223: checking whether build environment is sane
configure:2278: result: yes
configure:2429: checking for a thread-safe mkdir -p
configure:2468: result: /bin/mkdir -p
configure:2475: checking for gawk
configure:2505: result: no
configure:2475: checking for mawk
configure:2491: found /usr/bin/mawk
configure:2502: result: mawk
configure:2513: checking whether make sets $(MAKE)
configure:2535: result: yes
configure:2564: checking whether make supports nested variables
configure:2581: result: yes
configure:2732: checking for style of include used by make
configure:2760: result: GNU
configure:2831: checking for gcc
configure:2847: found /usr/bin/gcc
configure:2858: result: gcc
configure:3087: checking for C compiler version
configure:3096: gcc --version >&5
gcc (Debian 10.2.0-19) 10.2.0
Copyright (C) 2020 Free Software Foundation, Inc.
This is free software; see the source for copying conditions.  There is NO
warranty; not even for MERCHANTABILITY or FITNESS FOR A PARTICULAR PURPOSE.

configure:3107: $? = 0
configure:3096: gcc -v >&5
Using built-in specs.
COLLECT_GCC=gcc
COLLECT_LTO_WRAPPER=/usr/lib/gcc/x86_64-linux-gnu/10/lto-wrapper
OFFLOAD_TARGET_NAMES=nvptx-none:amdgcn-amdhsa:hsa
OFFLOAD_TARGET_DEFAULT=1
Target: x86_64-linux-gnu
Configured with: ../src/configure -v --with-pkgversion='Debian 10.2.0-19' --with-bugurl=file:///usr/share/doc/gcc-10/README.Bugs --enable-languages=c,ada,c++,go,brig,d,fortran,objc,obj-c++,m2 --prefix=/usr --with-gcc-major-version-only --program-suffix=-10 --program-prefix=x86_64-linux-gnu- --enable-shared --enable-linker-build-id --libexecdir=/usr/lib --without-included-gettext --enable-threads=posix --libdir=/usr/lib --enable-nls --enable-bootstrap --enable-clocale=gnu --enable-libstdcxx-debug --enable-libstdcxx-time=yes --with-default-libstdcxx-abi=new --enable-gnu-unique-object --disable-vtable-verify --enable-plugin --enable-default-pie --with-system-zlib --enable-libphobos-checking=release --with-target-system-zlib=auto --enable-objc-gc=auto --enable-multiarch --disable-werror --with-arch-32=i686 --with-abi=m64 --with-multilib-list=m32,m64,mx32 --enable-multilib --with-tune=generic --enable-offload-targets=nvptx-none=/build/gcc-10-Pzlurt/gcc-10-10.2.0/debian/tmp-nvptx/usr,amdgcn-amdhsa=/build/gcc-10-Pzlurt/gcc-10-10.2.0/debian/tmp-gcn/usr,hsa --without-cuda-driver --enable-checking=release --build=x86_64-linux-gnu --host=x86_64-linux-gnu --target=x86_64-linux-gnu --with-build-config=bootstrap-lto-lean --enable-link-mutex
Thread model: posix
Supported LTO compression algorithms: zlib zstd
gcc version 10.2.0 (Debian 10.2.0-19) 
... rest of stderr output deleted ...
configure:3107: $? = 0
configure:3096: gcc -V >&5
gcc: error: unrecognized command-line option '-V'
gcc: fatal error: no input files
compilation terminated.
configure:3107: $? = 1
configure:3096: gcc -qversion >&5
gcc: error: unrecognized command-line option '-qversion'; did you mean '--version'?
gcc: fatal error: no input files
compilation terminated.
configure:3107: $? = 1
configure:3127: checking whether the C compiler works
configure:3149: gcc    conftest.c  >&5
configure:3153: $? = 0
configure:3201: result: yes
configure:3204: checking for C compiler default output file name
configure:3206: result: a.out
configure:3212: checking for suffix of executables
configure:3219: gcc -o conftest    conftest.c  >&5
configure:3223: $? = 0
configure:3245: result: 
configure:3267: checking whether we are cross compiling
configure:3275: gcc -o conftest    conftest.c  >&5
configure:3279: $? = 0
configure:3286: ./conftest
configure:3290: $? = 0
configure:3305: result: no
configure:3310: checking for suffix of object files
configure:3332: gcc -c   conftest.c >&5
configure:3336: $? = 0
configure:3357: result: o
configure:3361: checking whether we are using the GNU C compiler
configure:3380: gcc -c   conftest.c >&5
configure:3380: $? = 0
configure:3389: result: yes
configure:3398: checking whether gcc accepts -g
configure:3418: gcc -c -g  conftest.c >&5
configure:3418: $? = 0
configure:3459: result: yes
configure:3476: checking for gcc option to accept ISO C89
configure:3539: gcc  -c -g -O2  conftest.c >&5
configure:3539: $? = 0
configure:3552: result: none needed
configure:3577: checking whether gcc understands -c and -o together
configure:3599: gcc -c conftest.c -o conftest2.o
configure:3602: $? = 0
configure:3599: gcc -c conftest.c -o conftest2.o
configure:3602: $? = 0
configure:3614: result: yes
configure:3633: checking dependency style of gcc
configure:3744: result: gcc3
configure:3759: checking for gcc option to accept ISO C99
configure:3908: gcc  -c -g -O2  conftest.c >&5
configure:3908: $? = 0
configure:3921: result: none needed
configure:3942: checking how to run the C preprocessor
configure:3973: gcc -E  conftest.c
configure:3973: $? = 0
configure:3987: gcc -E  conftest.c
conftest.c:11:10: fatal error: ac_nonexistent.h: No such file or directory
   11 | #include <ac_nonexistent.h>
      |          ^~~~~~~~~~~~~~~~~~
compilation terminated.
configure:3987: $? = 1
configure: failed program was:
| /* confdefs.h */
| #define PACKAGE_NAME "font-util"
| #define PACKAGE_TARNAME "font-util"
| #define PACKAGE_VERSION "1.3.2"
| #define PACKAGE_STRING "font-util 1.3.2"
| #define PACKAGE_BUGREPORT "https://gitlab.freedesktop.org/xorg/font/util/issues"
| #define PACKAGE_URL ""
| #define PACKAGE "font-util"
| #define VERSION "1.3.2"
| /* end confdefs.h.  */
| #include <ac_nonexistent.h>
configure:4012: result: gcc -E
configure:4032: gcc -E  conftest.c
configure:4032: $? = 0
configure:4046: gcc -E  conftest.c
conftest.c:11:10: fatal error: ac_nonexistent.h: No such file or directory
   11 | #include <ac_nonexistent.h>
      |          ^~~~~~~~~~~~~~~~~~
compilation terminated.
configure:4046: $? = 1
configure: failed program was:
| /* confdefs.h */
| #define PACKAGE_NAME "font-util"
| #define PACKAGE_TARNAME "font-util"
| #define PACKAGE_VERSION "1.3.2"
| #define PACKAGE_STRING "font-util 1.3.2"
| #define PACKAGE_BUGREPORT "https://gitlab.freedesktop.org/xorg/font/util/issues"
| #define PACKAGE_URL ""
| #define PACKAGE "font-util"
| #define VERSION "1.3.2"
| /* end confdefs.h.  */
| #include <ac_nonexistent.h>
configure:4075: checking for grep that handles long lines and -e
configure:4133: result: /bin/grep
configure:4138: checking for egrep
configure:4200: result: /bin/grep -E
configure:4205: checking for ANSI C header files
configure:4225: gcc -c -g -O2  conftest.c >&5
configure:4225: $? = 0
configure:4298: gcc -o conftest -g -O2   conftest.c  >&5
configure:4298: $? = 0
configure:4298: ./conftest
configure:4298: $? = 0
configure:4309: result: yes
configure:4322: checking for sys/types.h
configure:4322: gcc -c -g -O2  conftest.c >&5
configure:4322: $? = 0
configure:4322: result: yes
configure:4322: checking for sys/stat.h
configure:4322: gcc -c -g -O2  conftest.c >&5
configure:4322: $? = 0
configure:4322: result: yes
configure:4322: checking for stdlib.h
configure:4322: gcc -c -g -O2  conftest.c >&5
configure:4322: $? = 0
configure:4322: result: yes
configure:4322: checking for string.h
configure:4322: gcc -c -g -O2  conftest.c >&5
configure:4322: $? = 0
configure:4322: result: yes
configure:4322: checking for memory.h
configure:4322: gcc -c -g -O2  conftest.c >&5
configure:4322: $? = 0
configure:4322: result: yes
configure:4322: checking for strings.h
configure:4322: gcc -c -g -O2  conftest.c >&5
configure:4322: $? = 0
configure:4322: result: yes
configure:4322: checking for inttypes.h
configure:4322: gcc -c -g -O2  conftest.c >&5
configure:4322: $? = 0
configure:4322: result: yes
configure:4322: checking for stdint.h
configure:4322: gcc -c -g -O2  conftest.c >&5
configure:4322: $? = 0
configure:4322: result: yes
configure:4322: checking for unistd.h
configure:4322: gcc -c -g -O2  conftest.c >&5
configure:4322: $? = 0
configure:4322: result: yes
configure:4338: checking whether __clang__ is declared
configure:4338: gcc -c -g -O2  conftest.c >&5
conftest.c: In function 'main':
conftest.c:61:10: error: '__clang__' undeclared (first use in this function)
   61 |   (void) __clang__;
      |          ^~~~~~~~~
conftest.c:61:10: note: each undeclared identifier is reported only once for each function it appears in
configure:4338: $? = 1
configure: failed program was:
| /* confdefs.h */
| #define PACKAGE_NAME "font-util"
| #define PACKAGE_TARNAME "font-util"
| #define PACKAGE_VERSION "1.3.2"
| #define PACKAGE_STRING "font-util 1.3.2"
| #define PACKAGE_BUGREPORT "https://gitlab.freedesktop.org/xorg/font/util/issues"
| #define PACKAGE_URL ""
| #define PACKAGE "font-util"
| #define VERSION "1.3.2"
| #define STDC_HEADERS 1
| #define HAVE_SYS_TYPES_H 1
| #define HAVE_SYS_STAT_H 1
| #define HAVE_STDLIB_H 1
| #define HAVE_STRING_H 1
| #define HAVE_MEMORY_H 1
| #define HAVE_STRINGS_H 1
| #define HAVE_INTTYPES_H 1
| #define HAVE_STDINT_H 1
| #define HAVE_UNISTD_H 1
| /* end confdefs.h.  */
| #include <stdio.h>
| #ifdef HAVE_SYS_TYPES_H
| # include <sys/types.h>
| #endif
| #ifdef HAVE_SYS_STAT_H
| # include <sys/stat.h>
| #endif
| #ifdef STDC_HEADERS
| # include <stdlib.h>
| # include <stddef.h>
| #else
| # ifdef HAVE_STDLIB_H
| #  include <stdlib.h>
| # endif
| #endif
| #ifdef HAVE_STRING_H
| # if !defined STDC_HEADERS && defined HAVE_MEMORY_H
| #  include <memory.h>
| # endif
| # include <string.h>
| #endif
| #ifdef HAVE_STRINGS_H
| # include <strings.h>
| #endif
| #ifdef HAVE_INTTYPES_H
| # include <inttypes.h>
| #endif
| #ifdef HAVE_STDINT_H
| # include <stdint.h>
| #endif
| #ifdef HAVE_UNISTD_H
| # include <unistd.h>
| #endif
| int
| main ()
| {
| #ifndef __clang__
| #ifdef __cplusplus
|   (void) __clang__;
| #else
|   (void) __clang__;
| #endif
| #endif
| 
|   ;
|   return 0;
| }
configure:4338: result: no
configure:4345: checking whether __INTEL_COMPILER is declared
configure:4345: gcc -c -g -O2  conftest.c >&5
conftest.c: In function 'main':
conftest.c:61:10: error: '__INTEL_COMPILER' undeclared (first use in this function)
   61 |   (void) __INTEL_COMPILER;
      |          ^~~~~~~~~~~~~~~~
conftest.c:61:10: note: each undeclared identifier is reported only once for each function it appears in
configure:4345: $? = 1
configure: failed program was:
| /* confdefs.h */
| #define PACKAGE_NAME "font-util"
| #define PACKAGE_TARNAME "font-util"
| #define PACKAGE_VERSION "1.3.2"
| #define PACKAGE_STRING "font-util 1.3.2"
| #define PACKAGE_BUGREPORT "https://gitlab.freedesktop.org/xorg/font/util/issues"
| #define PACKAGE_URL ""
| #define PACKAGE "font-util"
| #define VERSION "1.3.2"
| #define STDC_HEADERS 1
| #define HAVE_SYS_TYPES_H 1
| #define HAVE_SYS_STAT_H 1
| #define HAVE_STDLIB_H 1
| #define HAVE_STRING_H 1
| #define HAVE_MEMORY_H 1
| #define HAVE_STRINGS_H 1
| #define HAVE_INTTYPES_H 1
| #define HAVE_STDINT_H 1
| #define HAVE_UNISTD_H 1
| /* end confdefs.h.  */
| #include <stdio.h>
| #ifdef HAVE_SYS_TYPES_H
| # include <sys/types.h>
| #endif
| #ifdef HAVE_SYS_STAT_H
| # include <sys/stat.h>
| #endif
| #ifdef STDC_HEADERS
| # include <stdlib.h>
| # include <stddef.h>
| #else
| # ifdef HAVE_STDLIB_H
| #  include <stdlib.h>
| # endif
| #endif
| #ifdef HAVE_STRING_H
| # if !defined STDC_HEADERS && defined HAVE_MEMORY_H
| #  include <memory.h>
| # endif
| # include <string.h>
| #endif
| #ifdef HAVE_STRINGS_H
| # include <strings.h>
| #endif
| #ifdef HAVE_INTTYPES_H
| # include <inttypes.h>
| #endif
| #ifdef HAVE_STDINT_H
| # include <stdint.h>
| #endif
| #ifdef HAVE_UNISTD_H
| # include <unistd.h>
| #endif
| int
| main ()
| {
| #ifndef __INTEL_COMPILER
| #ifdef __cplusplus
|   (void) __INTEL_COMPILER;
| #else
|   (void) __INTEL_COMPILER;
| #endif
| #endif
| 
|   ;
|   return 0;
| }
configure:4345: result: no
configure:4352: checking whether __SUNPRO_C is declared
configure:4352: gcc -c -g -O2  conftest.c >&5
conftest.c: In function 'main':
conftest.c:61:10: error: '__SUNPRO_C' undeclared (first use in this function)
   61 |   (void) __SUNPRO_C;
      |          ^~~~~~~~~~
conftest.c:61:10: note: each undeclared identifier is reported only once for each function it appears in
configure:4352: $? = 1
configure: failed program was:
| /* confdefs.h */
| #define PACKAGE_NAME "font-util"
| #define PACKAGE_TARNAME "font-util"
| #define PACKAGE_VERSION "1.3.2"
| #define PACKAGE_STRING "font-util 1.3.2"
| #define PACKAGE_BUGREPORT "https://gitlab.freedesktop.org/xorg/font/util/issues"
| #define PACKAGE_URL ""
| #define PACKAGE "font-util"
| #define VERSION "1.3.2"
| #define STDC_HEADERS 1
| #define HAVE_SYS_TYPES_H 1
| #define HAVE_SYS_STAT_H 1
| #define HAVE_STDLIB_H 1
| #define HAVE_STRING_H 1
| #define HAVE_MEMORY_H 1
| #define HAVE_STRINGS_H 1
| #define HAVE_INTTYPES_H 1
| #define HAVE_STDINT_H 1
| #define HAVE_UNISTD_H 1
| /* end confdefs.h.  */
| #include <stdio.h>
| #ifdef HAVE_SYS_TYPES_H
| # include <sys/types.h>
| #endif
| #ifdef HAVE_SYS_STAT_H
| # include <sys/stat.h>
| #endif
| #ifdef STDC_HEADERS
| # include <stdlib.h>
| # include <stddef.h>
| #else
| # ifdef HAVE_STDLIB_H
| #  include <stdlib.h>
| # endif
| #endif
| #ifdef HAVE_STRING_H
| # if !defined STDC_HEADERS && defined HAVE_MEMORY_H
| #  include <memory.h>
| # endif
| # include <string.h>
| #endif
| #ifdef HAVE_STRINGS_H
| # include <strings.h>
| #endif
| #ifdef HAVE_INTTYPES_H
| # include <inttypes.h>
| #endif
| #ifdef HAVE_STDINT_H
| # include <stdint.h>
| #endif
| #ifdef HAVE_UNISTD_H
| # include <unistd.h>
| #endif
| int
| main ()
| {
| #ifndef __SUNPRO_C
| #ifdef __cplusplus
|   (void) __SUNPRO_C;
| #else
|   (void) __SUNPRO_C;
| #endif
| #endif
| 
|   ;
|   return 0;
| }
configure:4352: result: no
configure:4414: checking for pkg-config
configure:4447: result: no
configure:4484: checking build system type
configure:4498: result: x86_64-pc-linux-gnu
configure:4518: checking host system type
configure:4531: result: x86_64-pc-linux-gnu
configure:4551: checking for a sed that does not truncate output
configure:4615: result: /bin/sed
configure:4661: checking if gcc supports -Werror=unknown-warning-option
configure:4670: gcc -c -g -O2 -Werror=unknown-warning-option  conftest.c >&5
cc1: error: '-Werror=unknown-warning-option': no option '-Wunknown-warning-option'
configure:4670: $? = 1
configure: failed program was:
| /* confdefs.h */
| #define PACKAGE_NAME "font-util"
| #define PACKAGE_TARNAME "font-util"
| #define PACKAGE_VERSION "1.3.2"
| #define PACKAGE_STRING "font-util 1.3.2"
| #define PACKAGE_BUGREPORT "https://gitlab.freedesktop.org/xorg/font/util/issues"
| #define PACKAGE_URL ""
| #define PACKAGE "font-util"
| #define VERSION "1.3.2"
| #define STDC_HEADERS 1
| #define HAVE_SYS_TYPES_H 1
| #define HAVE_SYS_STAT_H 1
| #define HAVE_STDLIB_H 1
| #define HAVE_STRING_H 1
| #define HAVE_MEMORY_H 1
| #define HAVE_STRINGS_H 1
| #define HAVE_INTTYPES_H 1
| #define HAVE_STDINT_H 1
| #define HAVE_UNISTD_H 1
| /* end confdefs.h.  */
| int i;
configure:4677: result: no
configure:4688: checking if gcc supports -Werror=unused-command-line-argument
configure:4697: gcc -c -g -O2 -Werror=unused-command-line-argument  conftest.c >&5
cc1: error: '-Werror=unused-command-line-argument': no option '-Wunused-command-line-argument'; did you mean '-Wunused-dummy-argument'?
configure:4697: $? = 1
configure: failed program was:
| /* confdefs.h */
| #define PACKAGE_NAME "font-util"
| #define PACKAGE_TARNAME "font-util"
| #define PACKAGE_VERSION "1.3.2"
| #define PACKAGE_STRING "font-util 1.3.2"
| #define PACKAGE_BUGREPORT "https://gitlab.freedesktop.org/xorg/font/util/issues"
| #define PACKAGE_URL ""
| #define PACKAGE "font-util"
| #define VERSION "1.3.2"
| #define STDC_HEADERS 1
| #define HAVE_SYS_TYPES_H 1
| #define HAVE_SYS_STAT_H 1
| #define HAVE_STDLIB_H 1
| #define HAVE_STRING_H 1
| #define HAVE_MEMORY_H 1
| #define HAVE_STRINGS_H 1
| #define HAVE_INTTYPES_H 1
| #define HAVE_STDINT_H 1
| #define HAVE_UNISTD_H 1
| /* end confdefs.h.  */
| int i;
configure:4704: result: no
configure:4723: checking if gcc supports -Wall
configure:4740: gcc -o conftest -g -O2 -Wall   conftest.c  >&5
configure:4740: $? = 0
configure:4753: result: yes
configure:4841: checking if gcc supports -Wpointer-arith
configure:4858: gcc -o conftest -g -O2 -Wpointer-arith   conftest.c  >&5
configure:4858: $? = 0
configure:4871: result: yes
configure:4959: checking if gcc supports -Wmissing-declarations
configure:4976: gcc -o conftest -g -O2 -Wmissing-declarations   conftest.c  >&5
configure:4976: $? = 0
configure:4989: result: yes
configure:5077: checking if gcc supports -Wformat=2
configure:5094: gcc -o conftest -g -O2 -Wformat=2   conftest.c  >&5
configure:5094: $? = 0
configure:5107: result: yes
configure:5246: checking if gcc supports -Wstrict-prototypes
configure:5263: gcc -o conftest -g -O2 -Wstrict-prototypes   conftest.c  >&5
conftest.c:23:1: warning: function declaration isn't a prototype [-Wstrict-prototypes]
   23 | main ()
      | ^~~~
configure:5263: $? = 0
configure:5276: result: yes
configure:5364: checking if gcc supports -Wmissing-prototypes
configure:5381: gcc -o conftest -g -O2 -Wmissing-prototypes   conftest.c  >&5
configure:5381: $? = 0
configure:5394: result: yes
configure:5482: checking if gcc supports -Wnested-externs
configure:5499: gcc -o conftest -g -O2 -Wnested-externs   conftest.c  >&5
configure:5499: $? = 0
configure:5512: result: yes
configure:5600: checking if gcc supports -Wbad-function-cast
configure:5617: gcc -o conftest -g -O2 -Wbad-function-cast   conftest.c  >&5
configure:5617: $? = 0
configure:5630: result: yes
configure:5718: checking if gcc supports -Wold-style-definition
configure:5735: gcc -o conftest -g -O2 -Wold-style-definition   conftest.c  >&5
conftest.c: In function 'main':
conftest.c:23:1: warning: old-style function definition [-Wold-style-definition]
   23 | main ()
      | ^~~~
configure:5735: $? = 0
configure:5748: result: yes
configure:5885: checking if gcc supports -Wdeclaration-after-statement
configure:5902: gcc -o conftest -g -O2 -Wdeclaration-after-statement   conftest.c  >&5
configure:5902: $? = 0
configure:5915: result: yes
configure:6007: checking if gcc supports -Wunused
configure:6024: gcc -o conftest -g -O2 -Wunused   conftest.c  >&5
configure:6024: $? = 0
configure:6037: result: yes
configure:6125: checking if gcc supports -Wuninitialized
configure:6142: gcc -o conftest -g -O2 -Wuninitialized   conftest.c  >&5
configure:6142: $? = 0
configure:6155: result: yes
configure:6243: checking if gcc supports -Wshadow
configure:6260: gcc -o conftest -g -O2 -Wshadow   conftest.c  >&5
configure:6260: $? = 0
configure:6273: result: yes
configure:6361: checking if gcc supports -Wmissing-noreturn
configure:6378: gcc -o conftest -g -O2 -Wmissing-noreturn   conftest.c  >&5
configure:6378: $? = 0
configure:6391: result: yes
configure:6479: checking if gcc supports -Wmissing-format-attribute
configure:6496: gcc -o conftest -g -O2 -Wmissing-format-attribute   conftest.c  >&5
configure:6496: $? = 0
configure:6509: result: yes
configure:6597: checking if gcc supports -Wredundant-decls
configure:6614: gcc -o conftest -g -O2 -Wredundant-decls   conftest.c  >&5
configure:6614: $? = 0
configure:6627: result: yes
configure:6715: checking if gcc supports -Wlogical-op
configure:6732: gcc -o conftest -g -O2 -Wlogical-op   conftest.c  >&5
configure:6732: $? = 0
configure:6745: result: yes
configure:6845: checking if gcc supports -Werror=implicit
configure:6862: gcc -o conftest -g -O2 -Werror=implicit   conftest.c  >&5
configure:6862: $? = 0
configure:6875: result: yes
configure:7012: checking if gcc supports -Werror=nonnull
configure:7029: gcc -o conftest -g -O2 -Werror=nonnull   conftest.c  >&5
configure:7029: $? = 0
configure:7042: result: yes
configure:7130: checking if gcc supports -Werror=init-self
configure:7147: gcc -o conftest -g -O2 -Werror=init-self   conftest.c  >&5
configure:7147: $? = 0
configure:7160: result: yes
configure:7248: checking if gcc supports -Werror=main
configure:7265: gcc -o conftest -g -O2 -Werror=main   conftest.c  >&5
configure:7265: $? = 0
configure:7278: result: yes
configure:7366: checking if gcc supports -Werror=missing-braces
configure:7383: gcc -o conftest -g -O2 -Werror=missing-braces   conftest.c  >&5
configure:7383: $? = 0
configure:7396: result: yes
configure:7484: checking if gcc supports -Werror=sequence-point
configure:7501: gcc -o conftest -g -O2 -Werror=sequence-point   conftest.c  >&5
configure:7501: $? = 0
configure:7514: result: yes
configure:7602: checking if gcc supports -Werror=return-type
configure:7619: gcc -o conftest -g -O2 -Werror=return-type   conftest.c  >&5
configure:7619: $? = 0
configure:7632: result: yes
configure:7769: checking if gcc supports -Werror=trigraphs
configure:7786: gcc -o conftest -g -O2 -Werror=trigraphs   conftest.c  >&5
configure:7786: $? = 0
configure:7799: result: yes
configure:7887: checking if gcc supports -Werror=array-bounds
configure:7904: gcc -o conftest -g -O2 -Werror=array-bounds   conftest.c  >&5
configure:7904: $? = 0
configure:7917: result: yes
configure:8005: checking if gcc supports -Werror=write-strings
configure:8022: gcc -o conftest -g -O2 -Werror=write-strings   conftest.c  >&5
configure:8022: $? = 0
configure:8035: result: yes
configure:8123: checking if gcc supports -Werror=address
configure:8140: gcc -o conftest -g -O2 -Werror=address   conftest.c  >&5
configure:8140: $? = 0
configure:8153: result: yes
configure:8241: checking if gcc supports -Werror=int-to-pointer-cast
configure:8258: gcc -o conftest -g -O2 -Werror=int-to-pointer-cast   conftest.c  >&5
configure:8258: $? = 0
configure:8271: result: yes
configure:8408: checking if gcc supports -Werror=pointer-to-int-cast
configure:8425: gcc -o conftest -g -O2 -Werror=pointer-to-int-cast   conftest.c  >&5
configure:8425: $? = 0
configure:8438: result: yes
configure:10096: checking if gcc supports -pedantic
configure:10113: gcc -o conftest -g -O2 -pedantic   conftest.c  >&5
configure:10113: $? = 0
configure:10126: result: yes
configure:10214: checking if gcc supports -Werror
configure:10231: gcc -o conftest -g -O2 -Werror   conftest.c  >&5
configure:10231: $? = 0
configure:10244: result: yes
configure:10384: checking if gcc supports -Werror=attributes
configure:10401: gcc -o conftest -g -O2 -Werror=attributes   conftest.c  >&5
configure:10401: $? = 0
configure:10414: result: yes
configure:10578: checking whether make supports nested variables
configure:10595: result: yes
configure:10608: checking for root directory for font files
configure:10618: result: ${datadir}/fonts/X11
configure:10735: checking that generated files are newer than configure
configure:10741: result: done
configure:10764: creating ./config.status

## ---------------------- ##
## Running config.status. ##
## ---------------------- ##

This file was extended by font-util config.status 1.3.2, which was
generated by GNU Autoconf 2.69.  Invocation command line was

  CONFIG_FILES    = 
  CONFIG_HEADERS  = 
  CONFIG_LINKS    = 
  CONFIG_COMMANDS = 
  $ ./config.status 

on XPS12

config.status:902: creating Makefile
config.status:902: creating man/Makefile
config.status:902: creating fontutil.m4
config.status:902: creating fontutil.pc
config.status:902: creating config.h
config.status:1131: executing depfiles commands

## ---------------- ##
## Cache variables. ##
## ---------------- ##

ac_cv_build=x86_64-pc-linux-gnu
ac_cv_c_compiler_gnu=yes
ac_cv_env_CC_set=
ac_cv_env_CC_value=
ac_cv_env_CFLAGS_set=
ac_cv_env_CFLAGS_value=
ac_cv_env_CPPFLAGS_set=
ac_cv_env_CPPFLAGS_value=
ac_cv_env_CPP_set=
ac_cv_env_CPP_value=
ac_cv_env_LDFLAGS_set=
ac_cv_env_LDFLAGS_value=
ac_cv_env_LIBS_set=
ac_cv_env_LIBS_value=
ac_cv_env_PKG_CONFIG_LIBDIR_set=
ac_cv_env_PKG_CONFIG_LIBDIR_value=
ac_cv_env_PKG_CONFIG_PATH_set=
ac_cv_env_PKG_CONFIG_PATH_value=
ac_cv_env_PKG_CONFIG_set=
ac_cv_env_PKG_CONFIG_value=
ac_cv_env_build_alias_set=
ac_cv_env_build_alias_value=
ac_cv_env_host_alias_set=
ac_cv_env_host_alias_value=
ac_cv_env_target_alias_set=
ac_cv_env_target_alias_value=
ac_cv_have_decl___INTEL_COMPILER=no
ac_cv_have_decl___SUNPRO_C=no
ac_cv_have_decl___clang__=no
ac_cv_header_inttypes_h=yes
ac_cv_header_memory_h=yes
ac_cv_header_stdc=yes
ac_cv_header_stdint_h=yes
ac_cv_header_stdlib_h=yes
ac_cv_header_string_h=yes
ac_cv_header_strings_h=yes
ac_cv_header_sys_stat_h=yes
ac_cv_header_sys_types_h=yes
ac_cv_header_unistd_h=yes
ac_cv_host=x86_64-pc-linux-gnu
ac_cv_objext=o
ac_cv_path_EGREP='/bin/grep -E'
ac_cv_path_GREP=/bin/grep
ac_cv_path_SED=/bin/sed
ac_cv_path_install='/usr/bin/install -c'
ac_cv_path_mkdir=/bin/mkdir
ac_cv_prog_AWK=mawk
ac_cv_prog_CPP='gcc -E'
ac_cv_prog_ac_ct_CC=gcc
ac_cv_prog_cc_c89=
ac_cv_prog_cc_c99=
ac_cv_prog_cc_g=yes
ac_cv_prog_make_make_set=yes
am_cv_CC_dependencies_compiler_type=gcc3
am_cv_make_support_nested_variables=yes
am_cv_prog_cc_c_o=yes
xorg_cv_cc_flag__Wall=yes
xorg_cv_cc_flag__Wbad_function_cast=yes
xorg_cv_cc_flag__Wdeclaration_after_statement=yes
xorg_cv_cc_flag__Werror=yes
xorg_cv_cc_flag__Werror_address=yes
xorg_cv_cc_flag__Werror_array_bounds=yes
xorg_cv_cc_flag__Werror_attributes=yes
xorg_cv_cc_flag__Werror_implicit=yes
xorg_cv_cc_flag__Werror_init_self=yes
xorg_cv_cc_flag__Werror_int_to_pointer_cast=yes
xorg_cv_cc_flag__Werror_main=yes
xorg_cv_cc_flag__Werror_missing_braces=yes
xorg_cv_cc_flag__Werror_nonnull=yes
xorg_cv_cc_flag__Werror_pointer_to_int_cast=yes
xorg_cv_cc_flag__Werror_return_type=yes
xorg_cv_cc_flag__Werror_sequence_point=yes
xorg_cv_cc_flag__Werror_trigraphs=yes
xorg_cv_cc_flag__Werror_write_strings=yes
xorg_cv_cc_flag__Wformat_2=yes
xorg_cv_cc_flag__Wlogical_op=yes
xorg_cv_cc_flag__Wmissing_declarations=yes
xorg_cv_cc_flag__Wmissing_format_attribute=yes
xorg_cv_cc_flag__Wmissing_noreturn=yes
xorg_cv_cc_flag__Wmissing_prototypes=yes
xorg_cv_cc_flag__Wnested_externs=yes
xorg_cv_cc_flag__Wold_style_definition=yes
xorg_cv_cc_flag__Wpointer_arith=yes
xorg_cv_cc_flag__Wredundant_decls=yes
xorg_cv_cc_flag__Wshadow=yes
xorg_cv_cc_flag__Wstrict_prototypes=yes
xorg_cv_cc_flag__Wuninitialized=yes
xorg_cv_cc_flag__Wunused=yes
xorg_cv_cc_flag__pedantic=yes
xorg_cv_cc_flag_unknown_warning_option=no
xorg_cv_cc_flag_unused_command_line_argument=no

## ----------------- ##
## Output variables. ##
## ----------------- ##

ACLOCAL='${SHELL} /root/font-util-1.3.2/missing aclocal-1.15'
ADMIN_MAN_DIR='$(mandir)/man$(ADMIN_MAN_SUFFIX)'
ADMIN_MAN_SUFFIX='8'
AMDEPBACKSLASH='\'
AMDEP_FALSE='#'
AMDEP_TRUE=''
AMTAR='$${TAR-tar}'
AM_BACKSLASH='\'
AM_DEFAULT_V='$(AM_DEFAULT_VERBOSITY)'
AM_DEFAULT_VERBOSITY='0'
AM_V='$(V)'
APP_MAN_DIR='$(mandir)/man$(APP_MAN_SUFFIX)'
APP_MAN_SUFFIX='1'
AUTOCONF='${SHELL} /root/font-util-1.3.2/missing autoconf'
AUTOHEADER='${SHELL} /root/font-util-1.3.2/missing autoheader'
AUTOMAKE='${SHELL} /root/font-util-1.3.2/missing automake-1.15'
AWK='mawk'
BASE_CFLAGS=' -Wall -Wpointer-arith -Wmissing-declarations -Wformat=2 -Wstrict-prototypes -Wmissing-prototypes -Wnested-externs -Wbad-function-cast -Wold-style-definition -Wdeclaration-after-statement -Wunused -Wuninitialized -Wshadow -Wmissing-noreturn -Wmissing-format-attribute -Wredundant-decls -Wlogical-op -Werror=implicit -Werror=nonnull -Werror=init-self -Werror=main -Werror=missing-braces -Werror=sequence-point -Werror=return-type -Werror=trigraphs -Werror=array-bounds -Werror=write-strings -Werror=address -Werror=int-to-pointer-cast -Werror=pointer-to-int-cast'
CC='gcc'
CCDEPMODE='depmode=gcc3'
CFLAGS='-g -O2'
CHANGELOG_CMD='(GIT_DIR=$(top_srcdir)/.git git log > $(top_srcdir)/.changelog.tmp && mv $(top_srcdir)/.changelog.tmp $(top_srcdir)/ChangeLog) || (rm -f $(top_srcdir)/.changelog.tmp; touch $(top_srcdir)/ChangeLog; echo '\''git directory not found: installing possibly empty changelog.'\'' >&2)'
CPP='gcc -E'
CPPFLAGS=''
CWARNFLAGS=' -Wall -Wpointer-arith -Wmissing-declarations -Wformat=2 -Wstrict-prototypes -Wmissing-prototypes -Wnested-externs -Wbad-function-cast -Wold-style-definition -Wdeclaration-after-statement -Wunused -Wuninitialized -Wshadow -Wmissing-noreturn -Wmissing-format-attribute -Wredundant-decls -Wlogical-op -Werror=implicit -Werror=nonnull -Werror=init-self -Werror=main -Werror=missing-braces -Werror=sequence-point -Werror=return-type -Werror=trigraphs -Werror=array-bounds -Werror=write-strings -Werror=address -Werror=int-to-pointer-cast -Werror=pointer-to-int-cast -fno-strict-aliasing'
CYGPATH_W='echo'
DEFS='-DHAVE_CONFIG_H'
DEPDIR='.deps'
DRIVER_MAN_DIR='$(mandir)/man$(DRIVER_MAN_SUFFIX)'
DRIVER_MAN_SUFFIX='4'
ECHO_C=''
ECHO_N='-n'
ECHO_T=''
EGREP='/bin/grep -E'
EXEEXT=''
FILE_MAN_DIR='$(mandir)/man$(FILE_MAN_SUFFIX)'
FILE_MAN_SUFFIX='5'
GREP='/bin/grep'
INSTALL_CMD='(cp -f /INSTALL $(top_srcdir)/.INSTALL.tmp && mv $(top_srcdir)/.INSTALL.tmp $(top_srcdir)/INSTALL) || (rm -f $(top_srcdir)/.INSTALL.tmp; touch $(top_srcdir)/INSTALL; echo '\''util-macros "pkgdatadir" from xorg-macros.pc not found: installing possibly empty INSTALL.'\'' >&2)'
INSTALL_DATA='${INSTALL} -m 644'
INSTALL_PROGRAM='${INSTALL}'
INSTALL_SCRIPT='${INSTALL}'
INSTALL_STRIP_PROGRAM='$(install_sh) -c -s'
LDFLAGS=''
LIBOBJS=''
LIBS=''
LIB_MAN_DIR='$(mandir)/man$(LIB_MAN_SUFFIX)'
LIB_MAN_SUFFIX='3'
LTLIBOBJS=''
MAKEINFO='${SHELL} /root/font-util-1.3.2/missing makeinfo'
MAN_SUBSTS='	-e '\''s|__vendorversion__|"$(PACKAGE_STRING)" "$(XORG_MAN_PAGE)"|'\'' 	-e '\''s|__xorgversion__|"$(PACKAGE_STRING)" "$(XORG_MAN_PAGE)"|'\'' 	-e '\''s|__xservername__|Xorg|g'\'' 	-e '\''s|__xconfigfile__|xorg.conf|g'\'' 	-e '\''s|__projectroot__|$(prefix)|g'\'' 	-e '\''s|__apploaddir__|$(appdefaultdir)|g'\'' 	-e '\''s|__appmansuffix__|$(APP_MAN_SUFFIX)|g'\'' 	-e '\''s|__drivermansuffix__|$(DRIVER_MAN_SUFFIX)|g'\'' 	-e '\''s|__adminmansuffix__|$(ADMIN_MAN_SUFFIX)|g'\'' 	-e '\''s|__libmansuffix__|$(LIB_MAN_SUFFIX)|g'\'' 	-e '\''s|__miscmansuffix__|$(MISC_MAN_SUFFIX)|g'\'' 	-e '\''s|__filemansuffix__|$(FILE_MAN_SUFFIX)|g'\'''
MAPDIR='${fontrootdir}/util'
MISC_MAN_DIR='$(mandir)/man$(MISC_MAN_SUFFIX)'
MISC_MAN_SUFFIX='7'
MKDIR_P='/bin/mkdir -p'
OBJEXT='o'
PACKAGE='font-util'
PACKAGE_BUGREPORT='https://gitlab.freedesktop.org/xorg/font/util/issues'
PACKAGE_NAME='font-util'
PACKAGE_STRING='font-util 1.3.2'
PACKAGE_TARNAME='font-util'
PACKAGE_URL=''
PACKAGE_VERSION='1.3.2'
PATH_SEPARATOR=':'
PKG_CONFIG=''
PKG_CONFIG_LIBDIR=''
PKG_CONFIG_PATH=''
SED='/bin/sed'
SET_MAKE=''
SHELL='/bin/bash'
STRICT_CFLAGS=' -pedantic -Werror -Werror=attributes'
STRIP=''
VERSION='1.3.2'
XORG_MAN_PAGE='X Version 11'
ac_ct_CC='gcc'
am__EXEEXT_FALSE=''
am__EXEEXT_TRUE='#'
am__fastdepCC_FALSE='#'
am__fastdepCC_TRUE=''
am__include='include'
am__isrc=''
am__leading_dot='.'
am__nodep='_no'
am__quote=''
am__tar='$${TAR-tar} chof - "$$tardir"'
am__untar='$${TAR-tar} xf -'
bindir='${exec_prefix}/bin'
build='x86_64-pc-linux-gnu'
build_alias=''
build_cpu='x86_64'
build_os='linux-gnu'
build_vendor='pc'
datadir='${datarootdir}'
datarootdir='${prefix}/share'
docdir='${datarootdir}/doc/${PACKAGE_TARNAME}'
dvidir='${docdir}'
exec_prefix='${prefix}'
fontrootdir='${datadir}/fonts/X11'
host='x86_64-pc-linux-gnu'
host_alias=''
host_cpu='x86_64'
host_os='linux-gnu'
host_vendor='pc'
htmldir='${docdir}'
includedir='${prefix}/include'
infodir='${datarootdir}/info'
install_sh='${SHELL} /root/font-util-1.3.2/install-sh'
libdir='${exec_prefix}/lib'
libexecdir='${exec_prefix}/libexec'
localedir='${datarootdir}/locale'
localstatedir='${prefix}/var'
mandir='${datarootdir}/man'
mkdir_p='$(MKDIR_P)'
oldincludedir='/usr/include'
pdfdir='${docdir}'
prefix='/xorg'
program_transform_name='s,x,x,'
psdir='${docdir}'
sbindir='${exec_prefix}/sbin'
sharedstatedir='${prefix}/com'
sysconfdir='${prefix}/etc'
target_alias=''

## ----------- ##
## confdefs.h. ##
## ----------- ##

/* confdefs.h */
#define PACKAGE_NAME "font-util"
#define PACKAGE_TARNAME "font-util"
#define PACKAGE_VERSION "1.3.2"
#define PACKAGE_STRING "font-util 1.3.2"
#define PACKAGE_BUGREPORT "https://gitlab.freedesktop.org/xorg/font/util/issues"
#define PACKAGE_URL ""
#define PACKAGE "font-util"
#define VERSION "1.3.2"
#define STDC_HEADERS 1
#define HAVE_SYS_TYPES_H 1
#define HAVE_SYS_STAT_H 1
#define HAVE_STDLIB_H 1
#define HAVE_STRING_H 1
#define HAVE_MEMORY_H 1
#define HAVE_STRINGS_H 1
#define HAVE_INTTYPES_H 1
#define HAVE_STDINT_H 1
#define HAVE_UNISTD_H 1
#define PACKAGE_VERSION_MAJOR 1
#define PACKAGE_VERSION_MINOR 3
#define PACKAGE_VERSION_PATCHLEVEL 2

configure: exit 0
