This file contains any messages produced by compilers while
running configure, to aid debugging if configure makes a mistake.

It was created by xkeyboard-config configure 2.29, which was
generated by GNU Autoconf 2.69.  Invocation command line was

  $ ./configure --prefix=/xorg

## --------- ##
## Platform. ##
## --------- ##

hostname = XPS12
uname -m = x86_64
uname -r = 4.4.0-19041-Microsoft
uname -s = Linux
uname -v = #488-Microsoft Mon Sep 01 13:43:00 PST 2020

/usr/bin/uname -p = unknown
/bin/uname -X     = unknown

/bin/arch              = unknown
/usr/bin/arch -k       = unknown
/usr/convex/getsysinfo = unknown
/usr/bin/hostinfo      = unknown
/bin/machine           = unknown
/usr/bin/oslevel       = unknown
/bin/universe          = unknown

PATH: /usr/local/sbin
PATH: /usr/local/bin
PATH: /usr/sbin
PATH: /usr/bin
PATH: /sbin
PATH: /bin


## ----------- ##
## Core tests. ##
## ----------- ##

configure:2075: checking for a BSD-compatible install
configure:2143: result: /usr/bin/install -c
configure:2154: checking whether build environment is sane
configure:2209: result: yes
configure:2360: checking for a thread-safe mkdir -p
configure:2399: result: /bin/mkdir -p
configure:2406: checking for gawk
configure:2436: result: no
configure:2406: checking for mawk
configure:2422: found /usr/bin/mawk
configure:2433: result: mawk
configure:2444: checking whether make sets $(MAKE)
configure:2466: result: yes
configure:2495: checking whether make supports nested variables
configure:2512: result: yes
configure:2655: checking build system type
configure:2669: result: x86_64-pc-linux-gnu
configure:2689: checking host system type
configure:2702: result: x86_64-pc-linux-gnu
configure:2722: checking for a sed that does not truncate output
configure:2786: result: /bin/sed
configure:2929: checking for xsltproc
configure:2947: found /usr/bin/xsltproc
configure:2959: result: /usr/bin/xsltproc
configure:3038: checking for a sed that does not truncate output
configure:3102: result: /bin/sed
configure:3142: checking for a Python interpreter with version >= 3.0
configure:3159: python -c import sys # split strings by '.' and convert to numeric. Append some zeros # because we need at least 4 digits for the hex conversion. # map returns an iterator in Python 3.0 and a list in 2.x minver = list(map(int, '3.0'.split('.'))) + [0, 0, 0] minverhex = 0 # xrange is not present in Python 3.0 and range returns an iterator for i in list(range(0, 4)): minverhex = (minverhex << 8) + minver[i] sys.exit(sys.hexversion < minverhex)
./configure: line 3160: python: command not found
configure:3162: $? = 127
configure:3159: python2 -c import sys # split strings by '.' and convert to numeric. Append some zeros # because we need at least 4 digits for the hex conversion. # map returns an iterator in Python 3.0 and a list in 2.x minver = list(map(int, '3.0'.split('.'))) + [0, 0, 0] minverhex = 0 # xrange is not present in Python 3.0 and range returns an iterator for i in list(range(0, 4)): minverhex = (minverhex << 8) + minver[i] sys.exit(sys.hexversion < minverhex)
./configure: line 3160: python2: command not found
configure:3162: $? = 127
configure:3159: python3 -c import sys # split strings by '.' and convert to numeric. Append some zeros # because we need at least 4 digits for the hex conversion. # map returns an iterator in Python 3.0 and a list in 2.x minver = list(map(int, '3.0'.split('.'))) + [0, 0, 0] minverhex = 0 # xrange is not present in Python 3.0 and range returns an iterator for i in list(range(0, 4)): minverhex = (minverhex << 8) + minver[i] sys.exit(sys.hexversion < minverhex)
configure:3162: $? = 0
configure:3168: result: python3
configure:3176: checking for python3
configure:3194: found /usr/bin/python3
configure:3206: result: /usr/bin/python3
configure:3224: checking for python3 version
configure:3231: result: 3.9
configure:3243: checking for python3 platform
configure:3250: result: linux
configure:3276: checking for python3 script directory
configure:3311: result: ${prefix}/lib/python3.9/site-packages
configure:3320: checking for python3 extension module directory
configure:3355: result: ${exec_prefix}/lib/python3.9/site-packages
configure:3464: checking for pkg-config
configure:3482: found /usr/bin/pkg-config
configure:3494: result: /usr/bin/pkg-config
configure:3519: checking pkg-config is at least version 0.9.0
configure:3522: result: yes
configure:3532: checking for DEPS
configure:3539: $PKG_CONFIG --exists --print-errors "xproto >= 7.0.20 x11 >= 1.4.3"
configure:3542: $? = 0
configure:3556: $PKG_CONFIG --exists --print-errors "xproto >= 7.0.20 x11 >= 1.4.3"
configure:3559: $? = 0
configure:3597: result: yes
configure:3648: checking whether NLS is requested
configure:3657: result: yes
configure:3697: checking for msgfmt
configure: trying /usr/bin/msgfmt...
0 translated messages.
configure:3729: result: /usr/bin/msgfmt
configure:3738: checking for gmsgfmt
configure:3769: result: /usr/bin/msgfmt
configure:3819: checking for xgettext
configure: trying /usr/bin/xgettext...
/usr/bin/xgettext: warning: file '/dev/null' extension '' is unknown; will try C
configure:3851: result: /usr/bin/xgettext
configure:3896: checking for msgmerge
configure: trying /usr/bin/msgmerge...
configure:3927: result: /usr/bin/msgmerge
configure:3964: checking whether make supports the include directive
configure:3979: make -f confmf.GNU && cat confinc.out
this is the am__doit target
configure:3982: $? = 0
configure:4001: result: yes (GNU style)
configure:4071: checking for gcc
configure:4087: found /usr/bin/gcc
configure:4098: result: gcc
configure:4327: checking for C compiler version
configure:4336: gcc --version >&5
gcc (Debian 10.2.0-19) 10.2.0
Copyright (C) 2020 Free Software Foundation, Inc.
This is free software; see the source for copying conditions.  There is NO
warranty; not even for MERCHANTABILITY or FITNESS FOR A PARTICULAR PURPOSE.

configure:4347: $? = 0
configure:4336: gcc -v >&5
Using built-in specs.
COLLECT_GCC=gcc
COLLECT_LTO_WRAPPER=/usr/lib/gcc/x86_64-linux-gnu/10/lto-wrapper
OFFLOAD_TARGET_NAMES=nvptx-none:amdgcn-amdhsa:hsa
OFFLOAD_TARGET_DEFAULT=1
Target: x86_64-linux-gnu
Configured with: ../src/configure -v --with-pkgversion='Debian 10.2.0-19' --with-bugurl=file:///usr/share/doc/gcc-10/README.Bugs --enable-languages=c,ada,c++,go,brig,d,fortran,objc,obj-c++,m2 --prefix=/usr --with-gcc-major-version-only --program-suffix=-10 --program-prefix=x86_64-linux-gnu- --enable-shared --enable-linker-build-id --libexecdir=/usr/lib --without-included-gettext --enable-threads=posix --libdir=/usr/lib --enable-nls --enable-bootstrap --enable-clocale=gnu --enable-libstdcxx-debug --enable-libstdcxx-time=yes --with-default-libstdcxx-abi=new --enable-gnu-unique-object --disable-vtable-verify --enable-plugin --enable-default-pie --with-system-zlib --enable-libphobos-checking=release --with-target-system-zlib=auto --enable-objc-gc=auto --enable-multiarch --disable-werror --with-arch-32=i686 --with-abi=m64 --with-multilib-list=m32,m64,mx32 --enable-multilib --with-tune=generic --enable-offload-targets=nvptx-none=/build/gcc-10-Pzlurt/gcc-10-10.2.0/debian/tmp-nvptx/usr,amdgcn-amdhsa=/build/gcc-10-Pzlurt/gcc-10-10.2.0/debian/tmp-gcn/usr,hsa --without-cuda-driver --enable-checking=release --build=x86_64-linux-gnu --host=x86_64-linux-gnu --target=x86_64-linux-gnu --with-build-config=bootstrap-lto-lean --enable-link-mutex
Thread model: posix
Supported LTO compression algorithms: zlib zstd
gcc version 10.2.0 (Debian 10.2.0-19) 
... rest of stderr output deleted ...
configure:4347: $? = 0
configure:4336: gcc -V >&5
gcc: error: unrecognized command-line option '-V'
gcc: fatal error: no input files
compilation terminated.
configure:4347: $? = 1
configure:4336: gcc -qversion >&5
gcc: error: unrecognized command-line option '-qversion'; did you mean '--version'?
gcc: fatal error: no input files
compilation terminated.
configure:4347: $? = 1
configure:4367: checking whether the C compiler works
configure:4389: gcc    conftest.c  >&5
configure:4393: $? = 0
configure:4441: result: yes
configure:4444: checking for C compiler default output file name
configure:4446: result: a.out
configure:4452: checking for suffix of executables
configure:4459: gcc -o conftest    conftest.c  >&5
configure:4463: $? = 0
configure:4485: result: 
configure:4507: checking whether we are cross compiling
configure:4515: gcc -o conftest    conftest.c  >&5
configure:4519: $? = 0
configure:4526: ./conftest
configure:4530: $? = 0
configure:4545: result: no
configure:4550: checking for suffix of object files
configure:4572: gcc -c   conftest.c >&5
configure:4576: $? = 0
configure:4597: result: o
configure:4601: checking whether we are using the GNU C compiler
configure:4620: gcc -c   conftest.c >&5
configure:4620: $? = 0
configure:4629: result: yes
configure:4638: checking whether gcc accepts -g
configure:4658: gcc -c -g  conftest.c >&5
configure:4658: $? = 0
configure:4699: result: yes
configure:4716: checking for gcc option to accept ISO C89
configure:4779: gcc  -c -g -O2  conftest.c >&5
configure:4779: $? = 0
configure:4792: result: none needed
configure:4817: checking whether gcc understands -c and -o together
configure:4839: gcc -c conftest.c -o conftest2.o
configure:4842: $? = 0
configure:4839: gcc -c conftest.c -o conftest2.o
configure:4842: $? = 0
configure:4854: result: yes
configure:4873: checking dependency style of gcc
configure:4984: result: none
configure:5024: checking for ld used by gcc
configure:5091: result: /usr/bin/ld
configure:5098: checking if the linker (/usr/bin/ld) is GNU ld
configure:5113: result: yes
configure:5120: checking for shared library run path origin
configure:5133: result: done
configure:5158: checking how to run the C preprocessor
configure:5189: gcc -E  conftest.c
configure:5189: $? = 0
configure:5203: gcc -E  conftest.c
conftest.c:11:10: fatal error: ac_nonexistent.h: No such file or directory
   11 | #include <ac_nonexistent.h>
      |          ^~~~~~~~~~~~~~~~~~
compilation terminated.
configure:5203: $? = 1
configure: failed program was:
| /* confdefs.h */
| #define PACKAGE_NAME "xkeyboard-config"
| #define PACKAGE_TARNAME "xkeyboard-config"
| #define PACKAGE_VERSION "2.29"
| #define PACKAGE_STRING "xkeyboard-config 2.29"
| #define PACKAGE_BUGREPORT ""
| #define PACKAGE_URL ""
| #define PACKAGE "xkeyboard-config"
| #define VERSION "2.29"
| /* end confdefs.h.  */
| #include <ac_nonexistent.h>
configure:5228: result: gcc -E
configure:5248: gcc -E  conftest.c
configure:5248: $? = 0
configure:5262: gcc -E  conftest.c
conftest.c:11:10: fatal error: ac_nonexistent.h: No such file or directory
   11 | #include <ac_nonexistent.h>
      |          ^~~~~~~~~~~~~~~~~~
compilation terminated.
configure:5262: $? = 1
configure: failed program was:
| /* confdefs.h */
| #define PACKAGE_NAME "xkeyboard-config"
| #define PACKAGE_TARNAME "xkeyboard-config"
| #define PACKAGE_VERSION "2.29"
| #define PACKAGE_STRING "xkeyboard-config 2.29"
| #define PACKAGE_BUGREPORT ""
| #define PACKAGE_URL ""
| #define PACKAGE "xkeyboard-config"
| #define VERSION "2.29"
| /* end confdefs.h.  */
| #include <ac_nonexistent.h>
configure:5291: checking for grep that handles long lines and -e
configure:5349: result: /bin/grep
configure:5354: checking for egrep
configure:5416: result: /bin/grep -E
configure:5974: checking for CFPreferencesCopyAppValue
configure:5992: gcc -o conftest -g -O2   conftest.c  -Wl,-framework -Wl,CoreFoundation >&5
conftest.c:11:10: fatal error: CoreFoundation/CFPreferences.h: No such file or directory
   11 | #include <CoreFoundation/CFPreferences.h>
      |          ^~~~~~~~~~~~~~~~~~~~~~~~~~~~~~~~
compilation terminated.
configure:5992: $? = 1
configure: failed program was:
| /* confdefs.h */
| #define PACKAGE_NAME "xkeyboard-config"
| #define PACKAGE_TARNAME "xkeyboard-config"
| #define PACKAGE_VERSION "2.29"
| #define PACKAGE_STRING "xkeyboard-config 2.29"
| #define PACKAGE_BUGREPORT ""
| #define PACKAGE_URL ""
| #define PACKAGE "xkeyboard-config"
| #define VERSION "2.29"
| /* end confdefs.h.  */
| #include <CoreFoundation/CFPreferences.h>
| int
| main ()
| {
| CFPreferencesCopyAppValue(NULL, NULL)
|   ;
|   return 0;
| }
configure:6001: result: no
configure:6008: checking for CFLocaleCopyCurrent
configure:6026: gcc -o conftest -g -O2   conftest.c  -Wl,-framework -Wl,CoreFoundation >&5
conftest.c:11:10: fatal error: CoreFoundation/CFLocale.h: No such file or directory
   11 | #include <CoreFoundation/CFLocale.h>
      |          ^~~~~~~~~~~~~~~~~~~~~~~~~~~
compilation terminated.
configure:6026: $? = 1
configure: failed program was:
| /* confdefs.h */
| #define PACKAGE_NAME "xkeyboard-config"
| #define PACKAGE_TARNAME "xkeyboard-config"
| #define PACKAGE_VERSION "2.29"
| #define PACKAGE_STRING "xkeyboard-config 2.29"
| #define PACKAGE_BUGREPORT ""
| #define PACKAGE_URL ""
| #define PACKAGE "xkeyboard-config"
| #define VERSION "2.29"
| /* end confdefs.h.  */
| #include <CoreFoundation/CFLocale.h>
| int
| main ()
| {
| CFLocaleCopyCurrent();
|   ;
|   return 0;
| }
configure:6035: result: no
configure:6084: checking for GNU gettext in libc
configure:6113: gcc -o conftest -g -O2   conftest.c  >&5
configure:6113: $? = 0
configure:6122: result: yes
configure:6969: checking whether to use NLS
configure:6971: result: yes
configure:6974: checking where the gettext function comes from
configure:6985: result: libc
configure:7193: checking that generated files are newer than configure
configure:7199: result: done
configure:7234: creating ./config.status

## ---------------------- ##
## Running config.status. ##
## ---------------------- ##

This file was extended by xkeyboard-config config.status 2.29, which was
generated by GNU Autoconf 2.69.  Invocation command line was

  CONFIG_FILES    = 
  CONFIG_HEADERS  = 
  CONFIG_LINKS    = 
  CONFIG_COMMANDS = 
  $ ./config.status 

on XPS12

config.status:878: creating po/Makefile.in
config.status:878: creating Makefile
config.status:878: creating compat/Makefile
config.status:878: creating geometry/Makefile
config.status:878: creating geometry/digital_vndr/Makefile
config.status:878: creating geometry/sgi_vndr/Makefile
config.status:878: creating keycodes/Makefile
config.status:878: creating keycodes/digital_vndr/Makefile
config.status:878: creating keycodes/sgi_vndr/Makefile
config.status:878: creating rules/Makefile
config.status:878: creating rules/compat/Makefile
config.status:878: creating symbols/Makefile
config.status:878: creating symbols/digital_vndr/Makefile
config.status:878: creating symbols/fujitsu_vndr/Makefile
config.status:878: creating symbols/hp_vndr/Makefile
config.status:878: creating symbols/jolla_vndr/Makefile
config.status:878: creating symbols/macintosh_vndr/Makefile
config.status:878: creating symbols/nec_vndr/Makefile
config.status:878: creating symbols/nokia_vndr/Makefile
config.status:878: creating symbols/sgi_vndr/Makefile
config.status:878: creating symbols/sharp_vndr/Makefile
config.status:878: creating symbols/sony_vndr/Makefile
config.status:878: creating symbols/sun_vndr/Makefile
config.status:878: creating symbols/xfree68_vndr/Makefile
config.status:878: creating types/Makefile
config.status:878: creating xkeyboard-config.pc
config.status:878: creating docs/Makefile
config.status:878: creating man/Makefile
config.status:1050: executing po-directories commands
config.status:1050: executing depfiles commands

## ---------------- ##
## Cache variables. ##
## ---------------- ##

ac_cv_build=x86_64-pc-linux-gnu
ac_cv_c_compiler_gnu=yes
ac_cv_env_CC_set=
ac_cv_env_CC_value=
ac_cv_env_CFLAGS_set=
ac_cv_env_CFLAGS_value=
ac_cv_env_CPPFLAGS_set=
ac_cv_env_CPPFLAGS_value=
ac_cv_env_CPP_set=
ac_cv_env_CPP_value=
ac_cv_env_DEPS_CFLAGS_set=
ac_cv_env_DEPS_CFLAGS_value=
ac_cv_env_DEPS_LIBS_set=
ac_cv_env_DEPS_LIBS_value=
ac_cv_env_LDFLAGS_set=
ac_cv_env_LDFLAGS_value=
ac_cv_env_LIBS_set=
ac_cv_env_LIBS_value=
ac_cv_env_PKG_CONFIG_LIBDIR_set=
ac_cv_env_PKG_CONFIG_LIBDIR_value=
ac_cv_env_PKG_CONFIG_PATH_set=set
ac_cv_env_PKG_CONFIG_PATH_value=/xorg/lib/pkgconfig/
ac_cv_env_PKG_CONFIG_set=
ac_cv_env_PKG_CONFIG_value=
ac_cv_env_PYTHON_set=
ac_cv_env_PYTHON_value=
ac_cv_env_XSLTPROC_set=
ac_cv_env_XSLTPROC_value=
ac_cv_env_build_alias_set=
ac_cv_env_build_alias_value=
ac_cv_env_host_alias_set=
ac_cv_env_host_alias_value=
ac_cv_env_target_alias_set=
ac_cv_env_target_alias_value=
ac_cv_host=x86_64-pc-linux-gnu
ac_cv_objext=o
ac_cv_path_EGREP='/bin/grep -E'
ac_cv_path_GMSGFMT=/usr/bin/msgfmt
ac_cv_path_GREP=/bin/grep
ac_cv_path_MSGFMT=/usr/bin/msgfmt
ac_cv_path_MSGMERGE=/usr/bin/msgmerge
ac_cv_path_PYTHON=/usr/bin/python3
ac_cv_path_SED=/bin/sed
ac_cv_path_XGETTEXT=/usr/bin/xgettext
ac_cv_path_XSLTPROC=/usr/bin/xsltproc
ac_cv_path_ac_pt_PKG_CONFIG=/usr/bin/pkg-config
ac_cv_path_install='/usr/bin/install -c'
ac_cv_path_mkdir=/bin/mkdir
ac_cv_prog_AWK=mawk
ac_cv_prog_CPP='gcc -E'
ac_cv_prog_ac_ct_CC=gcc
ac_cv_prog_cc_c89=
ac_cv_prog_cc_g=yes
ac_cv_prog_make_make_set=yes
acl_cv_hardcode_direct=no
acl_cv_hardcode_libdir_flag_spec='${wl}-rpath ${wl}$libdir'
acl_cv_hardcode_libdir_separator=
acl_cv_hardcode_minus_L=no
acl_cv_libext=a
acl_cv_libname_spec='lib$name'
acl_cv_library_names_spec='$libname$shrext'
acl_cv_path_LD=/usr/bin/ld
acl_cv_prog_gnu_ld=yes
acl_cv_rpath=done
acl_cv_shlibext=so
acl_cv_wl=-Wl,
am_cv_CC_dependencies_compiler_type=none
am_cv_make_support_nested_variables=yes
am_cv_pathless_PYTHON=python3
am_cv_prog_cc_c_o=yes
am_cv_python_platform=linux
am_cv_python_pyexecdir='${exec_prefix}/lib/python3.9/site-packages'
am_cv_python_pythondir='${prefix}/lib/python3.9/site-packages'
am_cv_python_version=3.9
gt_cv_func_CFLocaleCopyCurrent=no
gt_cv_func_CFPreferencesCopyAppValue=no
gt_cv_func_gnugettext1_libc=yes
pkg_cv_DEPS_CFLAGS=
pkg_cv_DEPS_LIBS='-lX11 '

## ----------------- ##
## Output variables. ##
## ----------------- ##

ACLOCAL='aclocal -I/xorg/share/aclocal/'
ADMIN_MAN_DIR='$(mandir)/man$(ADMIN_MAN_SUFFIX)'
ADMIN_MAN_SUFFIX='8'
AMDEPBACKSLASH='\'
AMDEP_FALSE='#'
AMDEP_TRUE=''
AMTAR='$${TAR-tar}'
AM_BACKSLASH='\'
AM_DEFAULT_V='$(AM_DEFAULT_VERBOSITY)'
AM_DEFAULT_VERBOSITY='1'
AM_V='$(V)'
APP_MAN_DIR='$(mandir)/man$(APP_MAN_SUFFIX)'
APP_MAN_SUFFIX='1'
AUTOCONF='${SHELL} /root/xkeyboard-config-2.29/missing autoconf'
AUTOHEADER='${SHELL} /root/xkeyboard-config-2.29/missing autoheader'
AUTOMAKE='${SHELL} /root/xkeyboard-config-2.29/missing automake-1.16'
AWK='mawk'
CC='gcc'
CCDEPMODE='depmode=none'
CFLAGS='-g -O2'
CPP='gcc -E'
CPPFLAGS=''
CREATE_RULES_SYMLINK_FALSE=''
CREATE_RULES_SYMLINK_TRUE='#'
CYGPATH_W='echo'
DEFS='-DPACKAGE_NAME=\"xkeyboard-config\" -DPACKAGE_TARNAME=\"xkeyboard-config\" -DPACKAGE_VERSION=\"2.29\" -DPACKAGE_STRING=\"xkeyboard-config\ 2.29\" -DPACKAGE_BUGREPORT=\"\" -DPACKAGE_URL=\"\" -DPACKAGE=\"xkeyboard-config\" -DVERSION=\"2.29\" -DENABLE_NLS=1 -DHAVE_GETTEXT=1 -DHAVE_DCGETTEXT=1 -DGETTEXT_PACKAGE=\"xkeyboard-config\"'
DEPDIR='.deps'
DEPS_CFLAGS=''
DEPS_LIBS='-lX11 '
DRIVER_MAN_DIR='$(mandir)/man$(DRIVER_MAN_SUFFIX)'
DRIVER_MAN_SUFFIX='4'
ECHO_C=''
ECHO_N='-n'
ECHO_T=''
EGREP='/bin/grep -E'
EXEEXT=''
FILE_MAN_DIR='$(mandir)/man$(FILE_MAN_SUFFIX)'
FILE_MAN_SUFFIX='5'
GETTEXT_MACRO_VERSION='0.19'
GETTEXT_PACKAGE='xkeyboard-config'
GMSGFMT='/usr/bin/msgfmt'
GMSGFMT_015='/usr/bin/msgfmt'
GREP='/bin/grep'
HAVE_XSLTPROC_FALSE='#'
HAVE_XSLTPROC_TRUE=''
INSTALL_DATA='${INSTALL} -m 644'
INSTALL_PROGRAM='${INSTALL}'
INSTALL_SCRIPT='${INSTALL}'
INSTALL_STRIP_PROGRAM='$(install_sh) -c -s'
INTLLIBS=''
INTL_MACOSX_LIBS=''
LDFLAGS=''
LIBICONV='-liconv'
LIBINTL=''
LIBOBJS=''
LIBS=''
LIB_MAN_DIR='$(mandir)/man$(LIB_MAN_SUFFIX)'
LIB_MAN_SUFFIX='3'
LTLIBICONV='-liconv'
LTLIBINTL=''
LTLIBOBJS=''
MAKEINFO='${SHELL} /root/xkeyboard-config-2.29/missing makeinfo'
MAN_SUBSTS='	-e '\''s|__vendorversion__|"$(PACKAGE_STRING)" "$(XORG_MAN_PAGE)"|'\'' 	-e '\''s|__xorgversion__|"$(PACKAGE_STRING)" "$(XORG_MAN_PAGE)"|'\'' 	-e '\''s|__xservername__|Xorg|g'\'' 	-e '\''s|__xconfigfile__|xorg.conf|g'\'' 	-e '\''s|__projectroot__|$(prefix)|g'\'' 	-e '\''s|__apploaddir__|$(appdefaultdir)|g'\'' 	-e '\''s|__appmansuffix__|$(APP_MAN_SUFFIX)|g'\'' 	-e '\''s|__drivermansuffix__|$(DRIVER_MAN_SUFFIX)|g'\'' 	-e '\''s|__adminmansuffix__|$(ADMIN_MAN_SUFFIX)|g'\'' 	-e '\''s|__libmansuffix__|$(LIB_MAN_SUFFIX)|g'\'' 	-e '\''s|__miscmansuffix__|$(MISC_MAN_SUFFIX)|g'\'' 	-e '\''s|__filemansuffix__|$(FILE_MAN_SUFFIX)|g'\'''
MISC_MAN_DIR='$(mandir)/man$(MISC_MAN_SUFFIX)'
MISC_MAN_SUFFIX='7'
MKDIR_P='/bin/mkdir -p'
MSGFMT='/usr/bin/msgfmt'
MSGFMT_015='/usr/bin/msgfmt'
MSGMERGE='/usr/bin/msgmerge'
OBJEXT='o'
PACKAGE='xkeyboard-config'
PACKAGE_BUGREPORT=''
PACKAGE_NAME='xkeyboard-config'
PACKAGE_STRING='xkeyboard-config 2.29'
PACKAGE_TARNAME='xkeyboard-config'
PACKAGE_URL=''
PACKAGE_VERSION='2.29'
PATH_SEPARATOR=':'
PKG_CONFIG='/usr/bin/pkg-config'
PKG_CONFIG_LIBDIR=''
PKG_CONFIG_PATH='/xorg/lib/pkgconfig/'
POSUB='po'
PYTHON='/usr/bin/python3'
PYTHON_EXEC_PREFIX='${exec_prefix}'
PYTHON_PLATFORM='linux'
PYTHON_PREFIX='${prefix}'
PYTHON_VERSION='3.9'
SED='/bin/sed'
SET_MAKE=''
SHELL='/bin/bash'
STRIP=''
USE_COMPAT_RULES_FALSE='#'
USE_COMPAT_RULES_TRUE=''
USE_NLS='yes'
VERSION='2.29'
XGETTEXT='/usr/bin/xgettext'
XGETTEXT_015='/usr/bin/xgettext'
XGETTEXT_EXTRA_OPTIONS=''
XORG_MAN_PAGE='X Version 11'
XSLTPROC='/usr/bin/xsltproc'
ac_ct_CC='gcc'
am__EXEEXT_FALSE=''
am__EXEEXT_TRUE='#'
am__fastdepCC_FALSE=''
am__fastdepCC_TRUE='#'
am__include='include'
am__isrc=''
am__leading_dot='.'
am__nodep='_no'
am__quote=''
am__tar='$${TAR-tar} chof - "$$tardir"'
am__untar='$${TAR-tar} xf -'
bindir='${exec_prefix}/bin'
build='x86_64-pc-linux-gnu'
build_alias=''
build_cpu='x86_64'
build_os='linux-gnu'
build_vendor='pc'
datadir='${datarootdir}'
datarootdir='${prefix}/share'
docdir='${datarootdir}/doc/${PACKAGE_TARNAME}'
dvidir='${docdir}'
exec_prefix='${prefix}'
host='x86_64-pc-linux-gnu'
host_alias=''
host_cpu='x86_64'
host_os='linux-gnu'
host_vendor='pc'
htmldir='${docdir}'
includedir='${prefix}/include'
infodir='${datarootdir}/info'
install_sh='${SHELL} /root/xkeyboard-config-2.29/install-sh'
libdir='${exec_prefix}/lib'
libexecdir='${exec_prefix}/libexec'
localedir='${datarootdir}/locale'
localstatedir='${prefix}/var'
mandir='${datarootdir}/man'
mkdir_p='$(MKDIR_P)'
oldincludedir='/usr/include'
pdfdir='${docdir}'
pkgpyexecdir='${pyexecdir}/xkeyboard-config'
pkgpythondir='${pythondir}/xkeyboard-config'
prefix='/xorg'
program_transform_name='s,x,x,'
psdir='${docdir}'
pyexecdir='${exec_prefix}/lib/python3.9/site-packages'
pythondir='${prefix}/lib/python3.9/site-packages'
sbindir='${exec_prefix}/sbin'
sharedstatedir='${prefix}/com'
sysconfdir='${prefix}/etc'
target_alias=''
xkb_base='${datarootdir}/X11/xkb'
xkb_rules_symlink=''

## ----------- ##
## confdefs.h. ##
## ----------- ##

/* confdefs.h */
#define PACKAGE_NAME "xkeyboard-config"
#define PACKAGE_TARNAME "xkeyboard-config"
#define PACKAGE_VERSION "2.29"
#define PACKAGE_STRING "xkeyboard-config 2.29"
#define PACKAGE_BUGREPORT ""
#define PACKAGE_URL ""
#define PACKAGE "xkeyboard-config"
#define VERSION "2.29"
#define ENABLE_NLS 1
#define HAVE_GETTEXT 1
#define HAVE_DCGETTEXT 1
#define GETTEXT_PACKAGE "xkeyboard-config"

configure: exit 0
