This file contains any messages produced by compilers while
running configure, to aid debugging if configure makes a mistake.

It was created by xkbcomp configure 1.4.3, which was
generated by GNU Autoconf 2.69.  Invocation command line was

  $ ./configure --prefix=/xorg/

## --------- ##
## Platform. ##
## --------- ##

hostname = XPS12
uname -m = x86_64
uname -r = 4.4.0-19041-Microsoft
uname -s = Linux
uname -v = #488-Microsoft Mon Sep 01 13:43:00 PST 2020

/usr/bin/uname -p = unknown
/bin/uname -X     = unknown

/bin/arch              = unknown
/usr/bin/arch -k       = unknown
/usr/convex/getsysinfo = unknown
/usr/bin/hostinfo      = unknown
/bin/machine           = unknown
/usr/bin/oslevel       = unknown
/bin/universe          = unknown

PATH: /usr/local/sbin
PATH: /usr/local/bin
PATH: /usr/sbin
PATH: /usr/bin
PATH: /sbin
PATH: /bin


## ----------- ##
## Core tests. ##
## ----------- ##

configure:2228: checking for a BSD-compatible install
configure:2296: result: /usr/bin/install -c
configure:2307: checking whether build environment is sane
configure:2362: result: yes
configure:2513: checking for a thread-safe mkdir -p
configure:2552: result: /bin/mkdir -p
configure:2559: checking for gawk
configure:2589: result: no
configure:2559: checking for mawk
configure:2575: found /usr/bin/mawk
configure:2586: result: mawk
configure:2597: checking whether make sets $(MAKE)
configure:2619: result: yes
configure:2648: checking whether make supports nested variables
configure:2665: result: yes
configure:2808: checking whether make supports the include directive
configure:2823: make -f confmf.GNU && cat confinc.out
this is the am__doit target
configure:2826: $? = 0
configure:2845: result: yes (GNU style)
configure:2915: checking for gcc
configure:2931: found /usr/bin/gcc
configure:2942: result: gcc
configure:3171: checking for C compiler version
configure:3180: gcc --version >&5
gcc (Debian 10.2.0-19) 10.2.0
Copyright (C) 2020 Free Software Foundation, Inc.
This is free software; see the source for copying conditions.  There is NO
warranty; not even for MERCHANTABILITY or FITNESS FOR A PARTICULAR PURPOSE.

configure:3191: $? = 0
configure:3180: gcc -v >&5
Using built-in specs.
COLLECT_GCC=gcc
COLLECT_LTO_WRAPPER=/usr/lib/gcc/x86_64-linux-gnu/10/lto-wrapper
OFFLOAD_TARGET_NAMES=nvptx-none:amdgcn-amdhsa:hsa
OFFLOAD_TARGET_DEFAULT=1
Target: x86_64-linux-gnu
Configured with: ../src/configure -v --with-pkgversion='Debian 10.2.0-19' --with-bugurl=file:///usr/share/doc/gcc-10/README.Bugs --enable-languages=c,ada,c++,go,brig,d,fortran,objc,obj-c++,m2 --prefix=/usr --with-gcc-major-version-only --program-suffix=-10 --program-prefix=x86_64-linux-gnu- --enable-shared --enable-linker-build-id --libexecdir=/usr/lib --without-included-gettext --enable-threads=posix --libdir=/usr/lib --enable-nls --enable-bootstrap --enable-clocale=gnu --enable-libstdcxx-debug --enable-libstdcxx-time=yes --with-default-libstdcxx-abi=new --enable-gnu-unique-object --disable-vtable-verify --enable-plugin --enable-default-pie --with-system-zlib --enable-libphobos-checking=release --with-target-system-zlib=auto --enable-objc-gc=auto --enable-multiarch --disable-werror --with-arch-32=i686 --with-abi=m64 --with-multilib-list=m32,m64,mx32 --enable-multilib --with-tune=generic --enable-offload-targets=nvptx-none=/build/gcc-10-Pzlurt/gcc-10-10.2.0/debian/tmp-nvptx/usr,amdgcn-amdhsa=/build/gcc-10-Pzlurt/gcc-10-10.2.0/debian/tmp-gcn/usr,hsa --without-cuda-driver --enable-checking=release --build=x86_64-linux-gnu --host=x86_64-linux-gnu --target=x86_64-linux-gnu --with-build-config=bootstrap-lto-lean --enable-link-mutex
Thread model: posix
Supported LTO compression algorithms: zlib zstd
gcc version 10.2.0 (Debian 10.2.0-19) 
... rest of stderr output deleted ...
configure:3191: $? = 0
configure:3180: gcc -V >&5
gcc: error: unrecognized command-line option '-V'
gcc: fatal error: no input files
compilation terminated.
configure:3191: $? = 1
configure:3180: gcc -qversion >&5
gcc: error: unrecognized command-line option '-qversion'; did you mean '--version'?
gcc: fatal error: no input files
compilation terminated.
configure:3191: $? = 1
configure:3211: checking whether the C compiler works
configure:3233: gcc    conftest.c  >&5
configure:3237: $? = 0
configure:3285: result: yes
configure:3288: checking for C compiler default output file name
configure:3290: result: a.out
configure:3296: checking for suffix of executables
configure:3303: gcc -o conftest    conftest.c  >&5
configure:3307: $? = 0
configure:3329: result: 
configure:3351: checking whether we are cross compiling
configure:3359: gcc -o conftest    conftest.c  >&5
configure:3363: $? = 0
configure:3370: ./conftest
configure:3374: $? = 0
configure:3389: result: no
configure:3394: checking for suffix of object files
configure:3416: gcc -c   conftest.c >&5
configure:3420: $? = 0
configure:3441: result: o
configure:3445: checking whether we are using the GNU C compiler
configure:3464: gcc -c   conftest.c >&5
configure:3464: $? = 0
configure:3473: result: yes
configure:3482: checking whether gcc accepts -g
configure:3502: gcc -c -g  conftest.c >&5
configure:3502: $? = 0
configure:3543: result: yes
configure:3560: checking for gcc option to accept ISO C89
configure:3623: gcc  -c -g -O2  conftest.c >&5
configure:3623: $? = 0
configure:3636: result: none needed
configure:3661: checking whether gcc understands -c and -o together
configure:3683: gcc -c conftest.c -o conftest2.o
configure:3686: $? = 0
configure:3683: gcc -c conftest.c -o conftest2.o
configure:3686: $? = 0
configure:3698: result: yes
configure:3717: checking dependency style of gcc
configure:3828: result: gcc3
configure:3843: checking for gcc option to accept ISO C99
configure:3992: gcc  -c -g -O2  conftest.c >&5
configure:3992: $? = 0
configure:4005: result: none needed
configure:4026: checking how to run the C preprocessor
configure:4057: gcc -E  conftest.c
configure:4057: $? = 0
configure:4071: gcc -E  conftest.c
conftest.c:11:10: fatal error: ac_nonexistent.h: No such file or directory
   11 | #include <ac_nonexistent.h>
      |          ^~~~~~~~~~~~~~~~~~
compilation terminated.
configure:4071: $? = 1
configure: failed program was:
| /* confdefs.h */
| #define PACKAGE_NAME "xkbcomp"
| #define PACKAGE_TARNAME "xkbcomp"
| #define PACKAGE_VERSION "1.4.3"
| #define PACKAGE_STRING "xkbcomp 1.4.3"
| #define PACKAGE_BUGREPORT "https://gitlab.freedesktop.org/xorg/app/xkbcomp/issues"
| #define PACKAGE_URL ""
| #define PACKAGE "xkbcomp"
| #define VERSION "1.4.3"
| /* end confdefs.h.  */
| #include <ac_nonexistent.h>
configure:4096: result: gcc -E
configure:4116: gcc -E  conftest.c
configure:4116: $? = 0
configure:4130: gcc -E  conftest.c
conftest.c:11:10: fatal error: ac_nonexistent.h: No such file or directory
   11 | #include <ac_nonexistent.h>
      |          ^~~~~~~~~~~~~~~~~~
compilation terminated.
configure:4130: $? = 1
configure: failed program was:
| /* confdefs.h */
| #define PACKAGE_NAME "xkbcomp"
| #define PACKAGE_TARNAME "xkbcomp"
| #define PACKAGE_VERSION "1.4.3"
| #define PACKAGE_STRING "xkbcomp 1.4.3"
| #define PACKAGE_BUGREPORT "https://gitlab.freedesktop.org/xorg/app/xkbcomp/issues"
| #define PACKAGE_URL ""
| #define PACKAGE "xkbcomp"
| #define VERSION "1.4.3"
| /* end confdefs.h.  */
| #include <ac_nonexistent.h>
configure:4159: checking for grep that handles long lines and -e
configure:4217: result: /bin/grep
configure:4222: checking for egrep
configure:4284: result: /bin/grep -E
configure:4289: checking for ANSI C header files
configure:4309: gcc -c -g -O2  conftest.c >&5
configure:4309: $? = 0
configure:4382: gcc -o conftest -g -O2   conftest.c  >&5
configure:4382: $? = 0
configure:4382: ./conftest
configure:4382: $? = 0
configure:4393: result: yes
configure:4406: checking for sys/types.h
configure:4406: gcc -c -g -O2  conftest.c >&5
configure:4406: $? = 0
configure:4406: result: yes
configure:4406: checking for sys/stat.h
configure:4406: gcc -c -g -O2  conftest.c >&5
configure:4406: $? = 0
configure:4406: result: yes
configure:4406: checking for stdlib.h
configure:4406: gcc -c -g -O2  conftest.c >&5
configure:4406: $? = 0
configure:4406: result: yes
configure:4406: checking for string.h
configure:4406: gcc -c -g -O2  conftest.c >&5
configure:4406: $? = 0
configure:4406: result: yes
configure:4406: checking for memory.h
configure:4406: gcc -c -g -O2  conftest.c >&5
configure:4406: $? = 0
configure:4406: result: yes
configure:4406: checking for strings.h
configure:4406: gcc -c -g -O2  conftest.c >&5
configure:4406: $? = 0
configure:4406: result: yes
configure:4406: checking for inttypes.h
configure:4406: gcc -c -g -O2  conftest.c >&5
configure:4406: $? = 0
configure:4406: result: yes
configure:4406: checking for stdint.h
configure:4406: gcc -c -g -O2  conftest.c >&5
configure:4406: $? = 0
configure:4406: result: yes
configure:4406: checking for unistd.h
configure:4406: gcc -c -g -O2  conftest.c >&5
configure:4406: $? = 0
configure:4406: result: yes
configure:4422: checking whether __clang__ is declared
configure:4422: gcc -c -g -O2  conftest.c >&5
conftest.c: In function 'main':
conftest.c:61:10: error: '__clang__' undeclared (first use in this function)
   61 |   (void) __clang__;
      |          ^~~~~~~~~
conftest.c:61:10: note: each undeclared identifier is reported only once for each function it appears in
configure:4422: $? = 1
configure: failed program was:
| /* confdefs.h */
| #define PACKAGE_NAME "xkbcomp"
| #define PACKAGE_TARNAME "xkbcomp"
| #define PACKAGE_VERSION "1.4.3"
| #define PACKAGE_STRING "xkbcomp 1.4.3"
| #define PACKAGE_BUGREPORT "https://gitlab.freedesktop.org/xorg/app/xkbcomp/issues"
| #define PACKAGE_URL ""
| #define PACKAGE "xkbcomp"
| #define VERSION "1.4.3"
| #define STDC_HEADERS 1
| #define HAVE_SYS_TYPES_H 1
| #define HAVE_SYS_STAT_H 1
| #define HAVE_STDLIB_H 1
| #define HAVE_STRING_H 1
| #define HAVE_MEMORY_H 1
| #define HAVE_STRINGS_H 1
| #define HAVE_INTTYPES_H 1
| #define HAVE_STDINT_H 1
| #define HAVE_UNISTD_H 1
| /* end confdefs.h.  */
| #include <stdio.h>
| #ifdef HAVE_SYS_TYPES_H
| # include <sys/types.h>
| #endif
| #ifdef HAVE_SYS_STAT_H
| # include <sys/stat.h>
| #endif
| #ifdef STDC_HEADERS
| # include <stdlib.h>
| # include <stddef.h>
| #else
| # ifdef HAVE_STDLIB_H
| #  include <stdlib.h>
| # endif
| #endif
| #ifdef HAVE_STRING_H
| # if !defined STDC_HEADERS && defined HAVE_MEMORY_H
| #  include <memory.h>
| # endif
| # include <string.h>
| #endif
| #ifdef HAVE_STRINGS_H
| # include <strings.h>
| #endif
| #ifdef HAVE_INTTYPES_H
| # include <inttypes.h>
| #endif
| #ifdef HAVE_STDINT_H
| # include <stdint.h>
| #endif
| #ifdef HAVE_UNISTD_H
| # include <unistd.h>
| #endif
| int
| main ()
| {
| #ifndef __clang__
| #ifdef __cplusplus
|   (void) __clang__;
| #else
|   (void) __clang__;
| #endif
| #endif
| 
|   ;
|   return 0;
| }
configure:4422: result: no
configure:4429: checking whether __INTEL_COMPILER is declared
configure:4429: gcc -c -g -O2  conftest.c >&5
conftest.c: In function 'main':
conftest.c:61:10: error: '__INTEL_COMPILER' undeclared (first use in this function)
   61 |   (void) __INTEL_COMPILER;
      |          ^~~~~~~~~~~~~~~~
conftest.c:61:10: note: each undeclared identifier is reported only once for each function it appears in
configure:4429: $? = 1
configure: failed program was:
| /* confdefs.h */
| #define PACKAGE_NAME "xkbcomp"
| #define PACKAGE_TARNAME "xkbcomp"
| #define PACKAGE_VERSION "1.4.3"
| #define PACKAGE_STRING "xkbcomp 1.4.3"
| #define PACKAGE_BUGREPORT "https://gitlab.freedesktop.org/xorg/app/xkbcomp/issues"
| #define PACKAGE_URL ""
| #define PACKAGE "xkbcomp"
| #define VERSION "1.4.3"
| #define STDC_HEADERS 1
| #define HAVE_SYS_TYPES_H 1
| #define HAVE_SYS_STAT_H 1
| #define HAVE_STDLIB_H 1
| #define HAVE_STRING_H 1
| #define HAVE_MEMORY_H 1
| #define HAVE_STRINGS_H 1
| #define HAVE_INTTYPES_H 1
| #define HAVE_STDINT_H 1
| #define HAVE_UNISTD_H 1
| /* end confdefs.h.  */
| #include <stdio.h>
| #ifdef HAVE_SYS_TYPES_H
| # include <sys/types.h>
| #endif
| #ifdef HAVE_SYS_STAT_H
| # include <sys/stat.h>
| #endif
| #ifdef STDC_HEADERS
| # include <stdlib.h>
| # include <stddef.h>
| #else
| # ifdef HAVE_STDLIB_H
| #  include <stdlib.h>
| # endif
| #endif
| #ifdef HAVE_STRING_H
| # if !defined STDC_HEADERS && defined HAVE_MEMORY_H
| #  include <memory.h>
| # endif
| # include <string.h>
| #endif
| #ifdef HAVE_STRINGS_H
| # include <strings.h>
| #endif
| #ifdef HAVE_INTTYPES_H
| # include <inttypes.h>
| #endif
| #ifdef HAVE_STDINT_H
| # include <stdint.h>
| #endif
| #ifdef HAVE_UNISTD_H
| # include <unistd.h>
| #endif
| int
| main ()
| {
| #ifndef __INTEL_COMPILER
| #ifdef __cplusplus
|   (void) __INTEL_COMPILER;
| #else
|   (void) __INTEL_COMPILER;
| #endif
| #endif
| 
|   ;
|   return 0;
| }
configure:4429: result: no
configure:4436: checking whether __SUNPRO_C is declared
configure:4436: gcc -c -g -O2  conftest.c >&5
conftest.c: In function 'main':
conftest.c:61:10: error: '__SUNPRO_C' undeclared (first use in this function)
   61 |   (void) __SUNPRO_C;
      |          ^~~~~~~~~~
conftest.c:61:10: note: each undeclared identifier is reported only once for each function it appears in
configure:4436: $? = 1
configure: failed program was:
| /* confdefs.h */
| #define PACKAGE_NAME "xkbcomp"
| #define PACKAGE_TARNAME "xkbcomp"
| #define PACKAGE_VERSION "1.4.3"
| #define PACKAGE_STRING "xkbcomp 1.4.3"
| #define PACKAGE_BUGREPORT "https://gitlab.freedesktop.org/xorg/app/xkbcomp/issues"
| #define PACKAGE_URL ""
| #define PACKAGE "xkbcomp"
| #define VERSION "1.4.3"
| #define STDC_HEADERS 1
| #define HAVE_SYS_TYPES_H 1
| #define HAVE_SYS_STAT_H 1
| #define HAVE_STDLIB_H 1
| #define HAVE_STRING_H 1
| #define HAVE_MEMORY_H 1
| #define HAVE_STRINGS_H 1
| #define HAVE_INTTYPES_H 1
| #define HAVE_STDINT_H 1
| #define HAVE_UNISTD_H 1
| /* end confdefs.h.  */
| #include <stdio.h>
| #ifdef HAVE_SYS_TYPES_H
| # include <sys/types.h>
| #endif
| #ifdef HAVE_SYS_STAT_H
| # include <sys/stat.h>
| #endif
| #ifdef STDC_HEADERS
| # include <stdlib.h>
| # include <stddef.h>
| #else
| # ifdef HAVE_STDLIB_H
| #  include <stdlib.h>
| # endif
| #endif
| #ifdef HAVE_STRING_H
| # if !defined STDC_HEADERS && defined HAVE_MEMORY_H
| #  include <memory.h>
| # endif
| # include <string.h>
| #endif
| #ifdef HAVE_STRINGS_H
| # include <strings.h>
| #endif
| #ifdef HAVE_INTTYPES_H
| # include <inttypes.h>
| #endif
| #ifdef HAVE_STDINT_H
| # include <stdint.h>
| #endif
| #ifdef HAVE_UNISTD_H
| # include <unistd.h>
| #endif
| int
| main ()
| {
| #ifndef __SUNPRO_C
| #ifdef __cplusplus
|   (void) __SUNPRO_C;
| #else
|   (void) __SUNPRO_C;
| #endif
| #endif
| 
|   ;
|   return 0;
| }
configure:4436: result: no
configure:4498: checking for pkg-config
configure:4516: found /usr/bin/pkg-config
configure:4528: result: /usr/bin/pkg-config
configure:4553: checking pkg-config is at least version 0.9.0
configure:4556: result: yes
configure:4568: checking build system type
configure:4582: result: x86_64-pc-linux-gnu
configure:4602: checking host system type
configure:4615: result: x86_64-pc-linux-gnu
configure:4635: checking for a sed that does not truncate output
configure:4699: result: /bin/sed
configure:4745: checking if gcc supports -Werror=unknown-warning-option
configure:4754: gcc -c -g -O2 -Werror=unknown-warning-option  conftest.c >&5
cc1: error: '-Werror=unknown-warning-option': no option '-Wunknown-warning-option'
configure:4754: $? = 1
configure: failed program was:
| /* confdefs.h */
| #define PACKAGE_NAME "xkbcomp"
| #define PACKAGE_TARNAME "xkbcomp"
| #define PACKAGE_VERSION "1.4.3"
| #define PACKAGE_STRING "xkbcomp 1.4.3"
| #define PACKAGE_BUGREPORT "https://gitlab.freedesktop.org/xorg/app/xkbcomp/issues"
| #define PACKAGE_URL ""
| #define PACKAGE "xkbcomp"
| #define VERSION "1.4.3"
| #define STDC_HEADERS 1
| #define HAVE_SYS_TYPES_H 1
| #define HAVE_SYS_STAT_H 1
| #define HAVE_STDLIB_H 1
| #define HAVE_STRING_H 1
| #define HAVE_MEMORY_H 1
| #define HAVE_STRINGS_H 1
| #define HAVE_INTTYPES_H 1
| #define HAVE_STDINT_H 1
| #define HAVE_UNISTD_H 1
| /* end confdefs.h.  */
| int i;
configure:4761: result: no
configure:4772: checking if gcc supports -Werror=unused-command-line-argument
configure:4781: gcc -c -g -O2 -Werror=unused-command-line-argument  conftest.c >&5
cc1: error: '-Werror=unused-command-line-argument': no option '-Wunused-command-line-argument'; did you mean '-Wunused-dummy-argument'?
configure:4781: $? = 1
configure: failed program was:
| /* confdefs.h */
| #define PACKAGE_NAME "xkbcomp"
| #define PACKAGE_TARNAME "xkbcomp"
| #define PACKAGE_VERSION "1.4.3"
| #define PACKAGE_STRING "xkbcomp 1.4.3"
| #define PACKAGE_BUGREPORT "https://gitlab.freedesktop.org/xorg/app/xkbcomp/issues"
| #define PACKAGE_URL ""
| #define PACKAGE "xkbcomp"
| #define VERSION "1.4.3"
| #define STDC_HEADERS 1
| #define HAVE_SYS_TYPES_H 1
| #define HAVE_SYS_STAT_H 1
| #define HAVE_STDLIB_H 1
| #define HAVE_STRING_H 1
| #define HAVE_MEMORY_H 1
| #define HAVE_STRINGS_H 1
| #define HAVE_INTTYPES_H 1
| #define HAVE_STDINT_H 1
| #define HAVE_UNISTD_H 1
| /* end confdefs.h.  */
| int i;
configure:4788: result: no
configure:4807: checking if gcc supports -Wall
configure:4824: gcc -o conftest -g -O2 -Wall   conftest.c  >&5
configure:4824: $? = 0
configure:4837: result: yes
configure:4925: checking if gcc supports -Wpointer-arith
configure:4942: gcc -o conftest -g -O2 -Wpointer-arith   conftest.c  >&5
configure:4942: $? = 0
configure:4955: result: yes
configure:5043: checking if gcc supports -Wmissing-declarations
configure:5060: gcc -o conftest -g -O2 -Wmissing-declarations   conftest.c  >&5
configure:5060: $? = 0
configure:5073: result: yes
configure:5161: checking if gcc supports -Wformat=2
configure:5178: gcc -o conftest -g -O2 -Wformat=2   conftest.c  >&5
configure:5178: $? = 0
configure:5191: result: yes
configure:5330: checking if gcc supports -Wstrict-prototypes
configure:5347: gcc -o conftest -g -O2 -Wstrict-prototypes   conftest.c  >&5
conftest.c:23:1: warning: function declaration isn't a prototype [-Wstrict-prototypes]
   23 | main ()
      | ^~~~
configure:5347: $? = 0
configure:5360: result: yes
configure:5448: checking if gcc supports -Wmissing-prototypes
configure:5465: gcc -o conftest -g -O2 -Wmissing-prototypes   conftest.c  >&5
configure:5465: $? = 0
configure:5478: result: yes
configure:5566: checking if gcc supports -Wnested-externs
configure:5583: gcc -o conftest -g -O2 -Wnested-externs   conftest.c  >&5
configure:5583: $? = 0
configure:5596: result: yes
configure:5684: checking if gcc supports -Wbad-function-cast
configure:5701: gcc -o conftest -g -O2 -Wbad-function-cast   conftest.c  >&5
configure:5701: $? = 0
configure:5714: result: yes
configure:5802: checking if gcc supports -Wold-style-definition
configure:5819: gcc -o conftest -g -O2 -Wold-style-definition   conftest.c  >&5
conftest.c: In function 'main':
conftest.c:23:1: warning: old-style function definition [-Wold-style-definition]
   23 | main ()
      | ^~~~
configure:5819: $? = 0
configure:5832: result: yes
configure:5969: checking if gcc supports -Wdeclaration-after-statement
configure:5986: gcc -o conftest -g -O2 -Wdeclaration-after-statement   conftest.c  >&5
configure:5986: $? = 0
configure:5999: result: yes
configure:6091: checking if gcc supports -Wunused
configure:6108: gcc -o conftest -g -O2 -Wunused   conftest.c  >&5
configure:6108: $? = 0
configure:6121: result: yes
configure:6209: checking if gcc supports -Wuninitialized
configure:6226: gcc -o conftest -g -O2 -Wuninitialized   conftest.c  >&5
configure:6226: $? = 0
configure:6239: result: yes
configure:6327: checking if gcc supports -Wshadow
configure:6344: gcc -o conftest -g -O2 -Wshadow   conftest.c  >&5
configure:6344: $? = 0
configure:6357: result: yes
configure:6445: checking if gcc supports -Wmissing-noreturn
configure:6462: gcc -o conftest -g -O2 -Wmissing-noreturn   conftest.c  >&5
configure:6462: $? = 0
configure:6475: result: yes
configure:6563: checking if gcc supports -Wmissing-format-attribute
configure:6580: gcc -o conftest -g -O2 -Wmissing-format-attribute   conftest.c  >&5
configure:6580: $? = 0
configure:6593: result: yes
configure:6681: checking if gcc supports -Wredundant-decls
configure:6698: gcc -o conftest -g -O2 -Wredundant-decls   conftest.c  >&5
configure:6698: $? = 0
configure:6711: result: yes
configure:6799: checking if gcc supports -Wlogical-op
configure:6816: gcc -o conftest -g -O2 -Wlogical-op   conftest.c  >&5
configure:6816: $? = 0
configure:6829: result: yes
configure:6929: checking if gcc supports -Werror=implicit
configure:6946: gcc -o conftest -g -O2 -Werror=implicit   conftest.c  >&5
configure:6946: $? = 0
configure:6959: result: yes
configure:7096: checking if gcc supports -Werror=nonnull
configure:7113: gcc -o conftest -g -O2 -Werror=nonnull   conftest.c  >&5
configure:7113: $? = 0
configure:7126: result: yes
configure:7214: checking if gcc supports -Werror=init-self
configure:7231: gcc -o conftest -g -O2 -Werror=init-self   conftest.c  >&5
configure:7231: $? = 0
configure:7244: result: yes
configure:7332: checking if gcc supports -Werror=main
configure:7349: gcc -o conftest -g -O2 -Werror=main   conftest.c  >&5
configure:7349: $? = 0
configure:7362: result: yes
configure:7450: checking if gcc supports -Werror=missing-braces
configure:7467: gcc -o conftest -g -O2 -Werror=missing-braces   conftest.c  >&5
configure:7467: $? = 0
configure:7480: result: yes
configure:7568: checking if gcc supports -Werror=sequence-point
configure:7585: gcc -o conftest -g -O2 -Werror=sequence-point   conftest.c  >&5
configure:7585: $? = 0
configure:7598: result: yes
configure:7686: checking if gcc supports -Werror=return-type
configure:7703: gcc -o conftest -g -O2 -Werror=return-type   conftest.c  >&5
configure:7703: $? = 0
configure:7716: result: yes
configure:7853: checking if gcc supports -Werror=trigraphs
configure:7870: gcc -o conftest -g -O2 -Werror=trigraphs   conftest.c  >&5
configure:7870: $? = 0
configure:7883: result: yes
configure:7971: checking if gcc supports -Werror=array-bounds
configure:7988: gcc -o conftest -g -O2 -Werror=array-bounds   conftest.c  >&5
configure:7988: $? = 0
configure:8001: result: yes
configure:8089: checking if gcc supports -Werror=write-strings
configure:8106: gcc -o conftest -g -O2 -Werror=write-strings   conftest.c  >&5
configure:8106: $? = 0
configure:8119: result: yes
configure:8207: checking if gcc supports -Werror=address
configure:8224: gcc -o conftest -g -O2 -Werror=address   conftest.c  >&5
configure:8224: $? = 0
configure:8237: result: yes
configure:8325: checking if gcc supports -Werror=int-to-pointer-cast
configure:8342: gcc -o conftest -g -O2 -Werror=int-to-pointer-cast   conftest.c  >&5
configure:8342: $? = 0
configure:8355: result: yes
configure:8492: checking if gcc supports -Werror=pointer-to-int-cast
configure:8509: gcc -o conftest -g -O2 -Werror=pointer-to-int-cast   conftest.c  >&5
configure:8509: $? = 0
configure:8522: result: yes
configure:10180: checking if gcc supports -pedantic
configure:10197: gcc -o conftest -g -O2 -pedantic   conftest.c  >&5
configure:10197: $? = 0
configure:10210: result: yes
configure:10298: checking if gcc supports -Werror
configure:10315: gcc -o conftest -g -O2 -Werror   conftest.c  >&5
configure:10315: $? = 0
configure:10328: result: yes
configure:10468: checking if gcc supports -Werror=attributes
configure:10485: gcc -o conftest -g -O2 -Werror=attributes   conftest.c  >&5
configure:10485: $? = 0
configure:10498: result: yes
configure:10690: checking whether make supports nested variables
configure:10707: result: yes
configure:10725: checking for bison
configure:10741: found /usr/bin/bison
configure:10752: result: bison -y
configure:10766: checking for bison
configure:10784: found /usr/bin/bison
configure:10796: result: /usr/bin/bison
configure:10813: checking for strdup
configure:10813: gcc -o conftest -g -O2   conftest.c  >&5
conftest.c:47:6: warning: conflicting types for built-in function 'strdup'; expected 'char *(const char *)' [-Wbuiltin-declaration-mismatch]
   47 | char strdup ();
      |      ^~~~~~
configure:10813: $? = 0
configure:10813: result: yes
configure:10813: checking for strcasecmp
configure:10813: gcc -o conftest -g -O2   conftest.c  >&5
conftest.c:48:6: warning: conflicting types for built-in function 'strcasecmp'; expected 'int(const char *, const char *)' [-Wbuiltin-declaration-mismatch]
   48 | char strcasecmp ();
      |      ^~~~~~~~~~
configure:10813: $? = 0
configure:10813: result: yes
configure:10826: checking for XKBCOMP
configure:10833: $PKG_CONFIG --exists --print-errors "x11 xkbfile xproto >= 7.0.17"
configure:10836: $? = 0
configure:10850: $PKG_CONFIG --exists --print-errors "x11 xkbfile xproto >= 7.0.17"
configure:10853: $? = 0
configure:10911: result: yes
configure:11030: checking that generated files are newer than configure
configure:11036: result: done
configure:11059: creating ./config.status

## ---------------------- ##
## Running config.status. ##
## ---------------------- ##

This file was extended by xkbcomp config.status 1.4.3, which was
generated by GNU Autoconf 2.69.  Invocation command line was

  CONFIG_FILES    = 
  CONFIG_HEADERS  = 
  CONFIG_LINKS    = 
  CONFIG_COMMANDS = 
  $ ./config.status 

on XPS12

config.status:909: creating Makefile
config.status:909: creating man/Makefile
config.status:909: creating xkbcomp.pc
config.status:909: creating config.h
config.status:1138: executing depfiles commands
config.status:1215: cd .       && sed -e '/# am--include-marker/d' Makefile         | make -f - am--depfiles
config.status:1220: $? = 0

## ---------------- ##
## Cache variables. ##
## ---------------- ##

ac_cv_build=x86_64-pc-linux-gnu
ac_cv_c_compiler_gnu=yes
ac_cv_env_CC_set=
ac_cv_env_CC_value=
ac_cv_env_CFLAGS_set=
ac_cv_env_CFLAGS_value=
ac_cv_env_CPPFLAGS_set=
ac_cv_env_CPPFLAGS_value=
ac_cv_env_CPP_set=
ac_cv_env_CPP_value=
ac_cv_env_LDFLAGS_set=
ac_cv_env_LDFLAGS_value=
ac_cv_env_LIBS_set=
ac_cv_env_LIBS_value=
ac_cv_env_PKG_CONFIG_LIBDIR_set=
ac_cv_env_PKG_CONFIG_LIBDIR_value=
ac_cv_env_PKG_CONFIG_PATH_set=
ac_cv_env_PKG_CONFIG_PATH_value=
ac_cv_env_PKG_CONFIG_set=
ac_cv_env_PKG_CONFIG_value=
ac_cv_env_XKBCOMP_CFLAGS_set=
ac_cv_env_XKBCOMP_CFLAGS_value=
ac_cv_env_XKBCOMP_LIBS_set=
ac_cv_env_XKBCOMP_LIBS_value=
ac_cv_env_YACC_set=
ac_cv_env_YACC_value=
ac_cv_env_YFLAGS_set=
ac_cv_env_YFLAGS_value=
ac_cv_env_build_alias_set=
ac_cv_env_build_alias_value=
ac_cv_env_host_alias_set=
ac_cv_env_host_alias_value=
ac_cv_env_target_alias_set=
ac_cv_env_target_alias_value=
ac_cv_func_strcasecmp=yes
ac_cv_func_strdup=yes
ac_cv_have_decl___INTEL_COMPILER=no
ac_cv_have_decl___SUNPRO_C=no
ac_cv_have_decl___clang__=no
ac_cv_header_inttypes_h=yes
ac_cv_header_memory_h=yes
ac_cv_header_stdc=yes
ac_cv_header_stdint_h=yes
ac_cv_header_stdlib_h=yes
ac_cv_header_string_h=yes
ac_cv_header_strings_h=yes
ac_cv_header_sys_stat_h=yes
ac_cv_header_sys_types_h=yes
ac_cv_header_unistd_h=yes
ac_cv_host=x86_64-pc-linux-gnu
ac_cv_objext=o
ac_cv_path_EGREP='/bin/grep -E'
ac_cv_path_GREP=/bin/grep
ac_cv_path_SED=/bin/sed
ac_cv_path_YACC_INST=/usr/bin/bison
ac_cv_path_ac_pt_PKG_CONFIG=/usr/bin/pkg-config
ac_cv_path_install='/usr/bin/install -c'
ac_cv_path_mkdir=/bin/mkdir
ac_cv_prog_AWK=mawk
ac_cv_prog_CPP='gcc -E'
ac_cv_prog_YACC='bison -y'
ac_cv_prog_ac_ct_CC=gcc
ac_cv_prog_cc_c89=
ac_cv_prog_cc_c99=
ac_cv_prog_cc_g=yes
ac_cv_prog_make_make_set=yes
am_cv_CC_dependencies_compiler_type=gcc3
am_cv_make_support_nested_variables=yes
am_cv_prog_cc_c_o=yes
pkg_cv_XKBCOMP_CFLAGS=
pkg_cv_XKBCOMP_LIBS='-lX11 -lxkbfile '
xorg_cv_cc_flag__Wall=yes
xorg_cv_cc_flag__Wbad_function_cast=yes
xorg_cv_cc_flag__Wdeclaration_after_statement=yes
xorg_cv_cc_flag__Werror=yes
xorg_cv_cc_flag__Werror_address=yes
xorg_cv_cc_flag__Werror_array_bounds=yes
xorg_cv_cc_flag__Werror_attributes=yes
xorg_cv_cc_flag__Werror_implicit=yes
xorg_cv_cc_flag__Werror_init_self=yes
xorg_cv_cc_flag__Werror_int_to_pointer_cast=yes
xorg_cv_cc_flag__Werror_main=yes
xorg_cv_cc_flag__Werror_missing_braces=yes
xorg_cv_cc_flag__Werror_nonnull=yes
xorg_cv_cc_flag__Werror_pointer_to_int_cast=yes
xorg_cv_cc_flag__Werror_return_type=yes
xorg_cv_cc_flag__Werror_sequence_point=yes
xorg_cv_cc_flag__Werror_trigraphs=yes
xorg_cv_cc_flag__Werror_write_strings=yes
xorg_cv_cc_flag__Wformat_2=yes
xorg_cv_cc_flag__Wlogical_op=yes
xorg_cv_cc_flag__Wmissing_declarations=yes
xorg_cv_cc_flag__Wmissing_format_attribute=yes
xorg_cv_cc_flag__Wmissing_noreturn=yes
xorg_cv_cc_flag__Wmissing_prototypes=yes
xorg_cv_cc_flag__Wnested_externs=yes
xorg_cv_cc_flag__Wold_style_definition=yes
xorg_cv_cc_flag__Wpointer_arith=yes
xorg_cv_cc_flag__Wredundant_decls=yes
xorg_cv_cc_flag__Wshadow=yes
xorg_cv_cc_flag__Wstrict_prototypes=yes
xorg_cv_cc_flag__Wuninitialized=yes
xorg_cv_cc_flag__Wunused=yes
xorg_cv_cc_flag__pedantic=yes
xorg_cv_cc_flag_unknown_warning_option=no
xorg_cv_cc_flag_unused_command_line_argument=no

## ----------------- ##
## Output variables. ##
## ----------------- ##

ACLOCAL='${SHELL} /root/x11-xkb-utils.git/xkbcomp/missing aclocal-1.16'
ADMIN_MAN_DIR='$(mandir)/man$(ADMIN_MAN_SUFFIX)'
ADMIN_MAN_SUFFIX='8'
AMDEPBACKSLASH='\'
AMDEP_FALSE='#'
AMDEP_TRUE=''
AMTAR='$${TAR-tar}'
AM_BACKSLASH='\'
AM_DEFAULT_V='$(AM_DEFAULT_VERBOSITY)'
AM_DEFAULT_VERBOSITY='0'
AM_V='$(V)'
APP_MAN_DIR='$(mandir)/man$(APP_MAN_SUFFIX)'
APP_MAN_SUFFIX='1'
AUTOCONF='${SHELL} /root/x11-xkb-utils.git/xkbcomp/missing autoconf'
AUTOHEADER='${SHELL} /root/x11-xkb-utils.git/xkbcomp/missing autoheader'
AUTOMAKE='${SHELL} /root/x11-xkb-utils.git/xkbcomp/missing automake-1.16'
AWK='mawk'
BASE_CFLAGS=' -Wall -Wpointer-arith -Wmissing-declarations -Wformat=2 -Wstrict-prototypes -Wmissing-prototypes -Wnested-externs -Wbad-function-cast -Wold-style-definition -Wdeclaration-after-statement -Wunused -Wuninitialized -Wshadow -Wmissing-noreturn -Wmissing-format-attribute -Wredundant-decls -Wlogical-op -Werror=implicit -Werror=nonnull -Werror=init-self -Werror=main -Werror=missing-braces -Werror=sequence-point -Werror=return-type -Werror=trigraphs -Werror=array-bounds -Werror=write-strings -Werror=address -Werror=int-to-pointer-cast -Werror=pointer-to-int-cast'
CC='gcc'
CCDEPMODE='depmode=gcc3'
CFLAGS='-g -O2'
CHANGELOG_CMD='((GIT_DIR=$(top_srcdir)/.git git log > $(top_srcdir)/.changelog.tmp) 2>/dev/null && mv $(top_srcdir)/.changelog.tmp $(top_srcdir)/ChangeLog) || (rm -f $(top_srcdir)/.changelog.tmp; test -e $(top_srcdir)/ChangeLog || ( touch $(top_srcdir)/ChangeLog; echo '\''git failed to create ChangeLog: installing empty ChangeLog.'\'' >&2))'
CPP='gcc -E'
CPPFLAGS=''
CWARNFLAGS=' -Wall -Wpointer-arith -Wmissing-declarations -Wformat=2 -Wstrict-prototypes -Wmissing-prototypes -Wnested-externs -Wbad-function-cast -Wold-style-definition -Wdeclaration-after-statement -Wunused -Wuninitialized -Wshadow -Wmissing-noreturn -Wmissing-format-attribute -Wredundant-decls -Wlogical-op -Werror=implicit -Werror=nonnull -Werror=init-self -Werror=main -Werror=missing-braces -Werror=sequence-point -Werror=return-type -Werror=trigraphs -Werror=array-bounds -Werror=write-strings -Werror=address -Werror=int-to-pointer-cast -Werror=pointer-to-int-cast -fno-strict-aliasing'
CYGPATH_W='echo'
DEFS='-DHAVE_CONFIG_H'
DEPDIR='.deps'
DRIVER_MAN_DIR='$(mandir)/man$(DRIVER_MAN_SUFFIX)'
DRIVER_MAN_SUFFIX='4'
ECHO_C=''
ECHO_N='-n'
ECHO_T=''
EGREP='/bin/grep -E'
EXEEXT=''
FILE_MAN_DIR='$(mandir)/man$(FILE_MAN_SUFFIX)'
FILE_MAN_SUFFIX='5'
GREP='/bin/grep'
INSTALL_CMD='(cp -f /usr/local/share/util-macros/INSTALL $(top_srcdir)/.INSTALL.tmp && mv $(top_srcdir)/.INSTALL.tmp $(top_srcdir)/INSTALL) || (rm -f $(top_srcdir)/.INSTALL.tmp; test -e $(top_srcdir)/INSTALL || ( touch $(top_srcdir)/INSTALL; echo '\''failed to copy INSTALL from util-macros: installing empty INSTALL.'\'' >&2))'
INSTALL_DATA='${INSTALL} -m 644'
INSTALL_PROGRAM='${INSTALL}'
INSTALL_SCRIPT='${INSTALL}'
INSTALL_STRIP_PROGRAM='$(install_sh) -c -s'
LDFLAGS=''
LIBOBJS=''
LIBS=''
LIB_MAN_DIR='$(mandir)/man$(LIB_MAN_SUFFIX)'
LIB_MAN_SUFFIX='3'
LTLIBOBJS=''
MAKEINFO='${SHELL} /root/x11-xkb-utils.git/xkbcomp/missing makeinfo'
MAN_SUBSTS='	-e '\''s|__vendorversion__|"$(PACKAGE_STRING)" "$(XORG_MAN_PAGE)"|'\'' 	-e '\''s|__xorgversion__|"$(PACKAGE_STRING)" "$(XORG_MAN_PAGE)"|'\'' 	-e '\''s|__xservername__|Xorg|g'\'' 	-e '\''s|__xconfigfile__|xorg.conf|g'\'' 	-e '\''s|__projectroot__|$(prefix)|g'\'' 	-e '\''s|__apploaddir__|$(appdefaultdir)|g'\'' 	-e '\''s|__appmansuffix__|$(APP_MAN_SUFFIX)|g'\'' 	-e '\''s|__drivermansuffix__|$(DRIVER_MAN_SUFFIX)|g'\'' 	-e '\''s|__adminmansuffix__|$(ADMIN_MAN_SUFFIX)|g'\'' 	-e '\''s|__libmansuffix__|$(LIB_MAN_SUFFIX)|g'\'' 	-e '\''s|__miscmansuffix__|$(MISC_MAN_SUFFIX)|g'\'' 	-e '\''s|__filemansuffix__|$(FILE_MAN_SUFFIX)|g'\'''
MISC_MAN_DIR='$(mandir)/man$(MISC_MAN_SUFFIX)'
MISC_MAN_SUFFIX='7'
MKDIR_P='/bin/mkdir -p'
OBJEXT='o'
PACKAGE='xkbcomp'
PACKAGE_BUGREPORT='https://gitlab.freedesktop.org/xorg/app/xkbcomp/issues'
PACKAGE_NAME='xkbcomp'
PACKAGE_STRING='xkbcomp 1.4.3'
PACKAGE_TARNAME='xkbcomp'
PACKAGE_URL=''
PACKAGE_VERSION='1.4.3'
PATH_SEPARATOR=':'
PKG_CONFIG='/usr/bin/pkg-config'
PKG_CONFIG_LIBDIR=''
PKG_CONFIG_PATH=''
SED='/bin/sed'
SET_MAKE=''
SHELL='/bin/bash'
STRICT_CFLAGS=' -pedantic -Werror -Werror=attributes'
STRIP=''
VERSION='1.4.3'
XKBCOMP_CFLAGS=''
XKBCOMP_LIBS='-lX11 -lxkbfile '
XKBCONFIGROOT='${datadir}/X11/xkb'
XORG_MAN_PAGE='X Version 11'
YACC='bison -y'
YACC_INST='/usr/bin/bison'
YFLAGS=''
ac_ct_CC='gcc'
am__EXEEXT_FALSE=''
am__EXEEXT_TRUE='#'
am__fastdepCC_FALSE='#'
am__fastdepCC_TRUE=''
am__include='include'
am__isrc=''
am__leading_dot='.'
am__nodep='_no'
am__quote=''
am__tar='$${TAR-tar} chof - "$$tardir"'
am__untar='$${TAR-tar} xf -'
bindir='${exec_prefix}/bin'
build='x86_64-pc-linux-gnu'
build_alias=''
build_cpu='x86_64'
build_os='linux-gnu'
build_vendor='pc'
datadir='${datarootdir}'
datarootdir='${prefix}/share'
docdir='${datarootdir}/doc/${PACKAGE_TARNAME}'
dvidir='${docdir}'
exec_prefix='${prefix}'
host='x86_64-pc-linux-gnu'
host_alias=''
host_cpu='x86_64'
host_os='linux-gnu'
host_vendor='pc'
htmldir='${docdir}'
includedir='${prefix}/include'
infodir='${datarootdir}/info'
install_sh='${SHELL} /root/x11-xkb-utils.git/xkbcomp/install-sh'
libdir='${exec_prefix}/lib'
libexecdir='${exec_prefix}/libexec'
localedir='${datarootdir}/locale'
localstatedir='${prefix}/var'
mandir='${datarootdir}/man'
mkdir_p='$(MKDIR_P)'
oldincludedir='/usr/include'
pdfdir='${docdir}'
prefix='/xorg'
program_transform_name='s,x,x,'
psdir='${docdir}'
sbindir='${exec_prefix}/sbin'
sharedstatedir='${prefix}/com'
sysconfdir='${prefix}/etc'
target_alias=''

## ----------- ##
## confdefs.h. ##
## ----------- ##

/* confdefs.h */
#define PACKAGE_NAME "xkbcomp"
#define PACKAGE_TARNAME "xkbcomp"
#define PACKAGE_VERSION "1.4.3"
#define PACKAGE_STRING "xkbcomp 1.4.3"
#define PACKAGE_BUGREPORT "https://gitlab.freedesktop.org/xorg/app/xkbcomp/issues"
#define PACKAGE_URL ""
#define PACKAGE "xkbcomp"
#define VERSION "1.4.3"
#define STDC_HEADERS 1
#define HAVE_SYS_TYPES_H 1
#define HAVE_SYS_STAT_H 1
#define HAVE_STDLIB_H 1
#define HAVE_STRING_H 1
#define HAVE_MEMORY_H 1
#define HAVE_STRINGS_H 1
#define HAVE_INTTYPES_H 1
#define HAVE_STDINT_H 1
#define HAVE_UNISTD_H 1
#define PACKAGE_VERSION_MAJOR 1
#define PACKAGE_VERSION_MINOR 4
#define PACKAGE_VERSION_PATCHLEVEL 3
#define HAVE_STRDUP 1
#define HAVE_STRCASECMP 1

configure: exit 0
